23052+AndyObtiva@users.noreply.github.com:Andy Maleh
294123+SocalNick@users.noreply.github.com:Nicholas Calugar
47191704+sd-trailhead-james@users.noreply.github.com:James Bunch
56898601+hatkyinc2@users.noreply.github.com:Ofir Petrushka
adam@adamhooper.com:Adam Hooper
afiune@chef.io:Salim Afiune
aidan.samuel@gmail.com:cyclotron3k
ajschrag@mtu.edu:Andy Schrage
amayer5125@gmail.com:Alex Mayer
arnvald.to@gmail.com:Arnvald
asa@terceiro.xyz:Antonio Terceiro
b.stanimirov@abv.bg:Borislav Stanimirov
brian.stevens@dataporters.com:Brian Stevens
bryan@larsen.st:Bryan Larsen
bsedat@tinfoilsecurity.com:Ben Sedat
cameron.walsh@bigcommerce.com:Cameron Walsh
chadrosen@gmail.com:Chad Rosen
christian.paling@googlemail.com:Christian Paling
couballj@verizonmedia.com:James Couball
davefp@gmail.com:David Underwood
david@bab.la:David Vartanian
dclane@gmail.com:Dave Lane
decurnex.roberto@gmail.com:Roberto Decurnex
decurnex.roberto@gmail.com:robertodecurnex
denis@denis.ws:Denis Defreyne
devyn.cairns@gmail.com:devyn
drakmail@gmail.com:Alexander Maslov
eric@ericgoodwin.com:Eric Goodwin
etsiliacos@pivotal.io:Eric Tsiliacos
evgenii@toptal.com:Evgenii Pecherkin
fluong@salesforce.com:Francis Luong (Franco)
gabriel.gilder+github@gmail.com:Gabriel Gilder
gcardoso.w@gmail.com:Gabriel Cardoso
gianni@runlevel6.org:Gianni Chiappetta
git@elliottcable.name:elliottcable
github@agora-security.com:Agora Security
guimalufb@gmail.com:Guilherme Maluf Balzana
guyhughes@users.noreply.github.com:Guy Hughes
harald.achitz@gmail.com:Harald
hideee.0202@gmail.com:Hidetaka Okita
hotchpotch@gmail.com:Yuichi Tateno
im@kdy.ch:Kody
james.a.rosen@gmail.com:James Rosen
jbernal@warp.es:Jorge Bernal
jcouball@yahoo.com:James Couball
joe.moore@gmail.com:Joe Moore
jon335@gmail.com:Jonathan Rudenberg
josh@joshpeek.com:Joshua Peek
josh@technicalpickles.com:Josh Nichols
josh@technicalpickles.com:Joshua Nichols
karaken12@gmail.com:Tom Potts
kelly.stannard@lendkey.com:Kelly Stannard
ken@kenpratt.net:Ken Pratt
kpd200081@yandex.ru:Pavel Kuznetsov
kwstannard@gmail.com:Kelly Stannard
matt@mattwrock.com:mwrock
me@vernburton.com:Vern Burton
mgarciaisaia+github@gmail.com:Matias Garcia Isaia
mhoyer@pixelplastic.de:Marcel Hoyer
mike@inqk.net:Michael Camilleri
mikehale@gmail.com:Michael Hale
minad@slizer.hadiko.de:Daniel Mendler
mpapis@gmail.com:Michal Papis
mrmallete@gmail.com:Michael Mallete
muellerj@users.noreply.github.com:Jonas Müller
nathan@fixler.org:Nathan Fixler
ohtake.tomohiro@jp.fujitsu.com:OHTAKE Tomohiro
per.lundberg@ecraft.com:Per Lundberg
perlun@gmail.com:Per Lundberg
peter@kovax.org:Peter Kovacs
richard.schneeman@gmail.com:schneems
richard@vodden.com:Richard Vodden
roberto.decurnex@avature.net:Roberto Decurnex
roberto.decurnex@avature.net:robertodecurnex
romain@blogreen.org:Romain Tartière
rr.manzo@protonmail.com:Rafael Reggiani Manzo
sblohin@yandex.ru:TIT
schacon@agadorsparticus.(none):scott Chacon
schacon@agadorsparticus.corp.reactrix.com:scott Chacon
schacon@gmail.com:Scott Chacon
schacon@gmail.com:schacon
siebertm85@googlemail.com:Michael Siebert
singpolyma@singpolyma.net:Stephen Paul Weber
sitter@kde.org:Harald Sitter
steve@alfajango.com:Steve Schwartz
taichiro0709@gmail.com:Taichiro Suzuki
taquitos@users.noreply.github.com:Joshua Liebowitz
tjbiddle@inflection.com:TJ Biddle
xca@atolcd.com:Xavier Calland
yancy.ribbens@gmail.com:yancyribbens
yuu725@gmail.com:Yuta Harima
yuya@j96.org:Yuya.Nishida
zacheryph@gmail.com:Zachery Hostens
