2007-11-07T12:54:26-08:00|schacon@agadorsparticus.corp.reactrix.com|scott Chacon|
2007-11-07T16:24:15-08:00|schacon@agadorsparticus.corp.reactrix.com|scott Chacon|
2007-11-07T16:43:47-08:00|schacon@agadorsparticus.corp.reactrix.com|scott Chacon|
2007-11-07T17:19:09-08:00|schacon@agadorsparticus.corp.reactrix.com|scott Chacon|
2007-11-08T11:22:46-08:00|schacon@agadorsparticus.corp.reactrix.com|scott Chacon|
2007-11-08T17:07:04-08:00|schacon@agadorsparticus.corp.reactrix.com|scott Chacon|
2007-11-08T17:25:41-08:00|schacon@agadorsparticus.corp.reactrix.com|scott Chacon|
2007-11-08T18:01:08-08:00|schacon@agadorsparticus.corp.reactrix.com|scott Chacon|
2007-11-09T13:11:22-08:00|schacon@agadorsparticus.corp.reactrix.com|scott Chacon|
2007-11-10T12:43:33-08:00|schacon@agadorsparticus.(none)|scott Chacon|
2007-11-10T15:34:12-08:00|schacon@agadorsparticus.(none)|scott Chacon|
2007-11-11T10:04:26-08:00|schacon@agadorsparticus.(none)|scott Chacon|
2007-11-11T10:43:27-08:00|schacon@agadorsparticus.(none)|scott Chacon|
2007-11-11T11:03:03-08:00|schacon@agadorsparticus.(none)|scott Chacon|
2007-11-11T11:32:57-08:00|schacon@agadorsparticus.(none)|scott Chacon|
2007-11-11T11:37:51-08:00|schacon@agadorsparticus.(none)|scott Chacon|
2007-11-11T12:21:30-08:00|schacon@agadorsparticus.(none)|scott Chacon|
2007-11-11T14:37:05-08:00|schacon@agadorsparticus.(none)|scott Chacon|
2007-11-11T16:01:23-08:00|schacon@agadorsparticus.(none)|scott Chacon|
2007-11-11T17:11:19-08:00|schacon@agadorsparticus.(none)|scott Chacon|
2007-11-11T17:59:18-08:00|schacon@agadorsparticus.(none)|scott Chacon|
2007-11-12T10:55:39-08:00|schacon@agadorsparticus.corp.reactrix.com|scott Chacon|
2007-11-12T11:22:18-08:00|schacon@agadorsparticus.corp.reactrix.com|scott Chacon|
2007-11-12T17:29:39-08:00|schacon@agadorsparticus.corp.reactrix.com|scott Chacon|
2007-11-12T17:58:02-08:00|schacon@agadorsparticus.corp.reactrix.com|scott Chacon|
2007-11-12T18:01:22-08:00|schacon@agadorsparticus.corp.reactrix.com|scott Chacon|
2007-11-13T07:36:50-08:00|schacon@agadorsparticus.(none)|scott Chacon|
2007-11-13T09:58:26-08:00|schacon@agadorsparticus.corp.reactrix.com|scott Chacon|
2007-11-14T10:24:22-08:00|schacon@agadorsparticus.corp.reactrix.com|scott Chacon|
2007-11-14T10:29:08-08:00|schacon@agadorsparticus.corp.reactrix.com|scott Chacon|
2007-11-14T10:35:41-08:00|schacon@agadorsparticus.corp.reactrix.com|scott Chacon|
2007-11-14T11:00:59-08:00|schacon@agadorsparticus.corp.reactrix.com|scott Chacon|
2007-11-15T15:17:17-08:00|schacon@agadorsparticus.corp.reactrix.com|scott Chacon|
2007-11-15T15:19:33-08:00|schacon@agadorsparticus.corp.reactrix.com|scott Chacon|
2007-11-15T16:15:46-08:00|schacon@agadorsparticus.corp.reactrix.com|scott Chacon|
2007-11-15T16:24:39-08:00|schacon@agadorsparticus.corp.reactrix.com|scott Chacon|
2007-11-15T16:37:22-08:00|schacon@agadorsparticus.corp.reactrix.com|scott Chacon|
2007-11-15T17:04:59-08:00|schacon@agadorsparticus.corp.reactrix.com|scott Chacon|
2007-11-15T17:11:58-08:00|schacon@agadorsparticus.corp.reactrix.com|scott Chacon|
2007-11-16T11:23:24-08:00|schacon@agadorsparticus.(none)|scott Chacon|
2007-11-16T11:31:08-08:00|schacon@agadorsparticus.(none)|scott Chacon|
2007-11-16T11:33:36-08:00|schacon@agadorsparticus.(none)|scott Chacon|
2007-11-16T11:34:13-08:00|schacon@agadorsparticus.(none)|scott Chacon|
2007-11-16T11:48:45-08:00|schacon@agadorsparticus.(none)|scott Chacon|tag: 1.0.3
2007-11-16T13:24:30-08:00|schacon@agadorsparticus.(none)|scott Chacon|
2007-11-16T13:24:48-08:00|schacon@agadorsparticus.(none)|scott Chacon|
2007-11-17T08:22:49-08:00|schacon@agadorsparticus.(none)|scott Chacon|
2007-11-17T08:42:58-08:00|schacon@agadorsparticus.(none)|scott Chacon|
2007-11-17T14:16:59-08:00|schacon@agadorsparticus.(none)|scott Chacon|
2007-11-18T12:48:39-08:00|schacon@agadorsparticus.(none)|scott Chacon|
2007-11-18T17:25:49-08:00|schacon@agadorsparticus.(none)|scott Chacon|
2007-11-18T17:38:31-08:00|schacon@agadorsparticus.(none)|scott Chacon|
2007-11-18T17:39:52-08:00|schacon@agadorsparticus.(none)|scott Chacon|
2007-11-18T17:40:05-08:00|schacon@agadorsparticus.(none)|scott Chacon|
2007-11-19T07:14:20-08:00|schacon@agadorsparticus.(none)|scott Chacon|
2007-11-19T07:31:41-08:00|schacon@agadorsparticus.(none)|scott Chacon|
2007-11-19T07:34:00-08:00|schacon@agadorsparticus.(none)|scott Chacon|
2007-11-19T07:34:25-08:00|schacon@agadorsparticus.(none)|scott Chacon|
2007-11-19T07:50:33-08:00|schacon@agadorsparticus.(none)|scott Chacon|
2007-11-19T07:51:08-08:00|schacon@agadorsparticus.(none)|scott Chacon|
2007-11-19T07:53:54-08:00|schacon@agadorsparticus.(none)|scott Chacon|
2007-11-19T14:32:53-08:00|schacon@agadorsparticus.corp.reactrix.com|scott Chacon|
2007-11-19T17:03:00-08:00|schacon@agadorsparticus.corp.reactrix.com|scott Chacon|
2007-11-20T08:54:45-08:00|schacon@agadorsparticus.(none)|scott Chacon|
2007-11-20T11:53:07-08:00|schacon@agadorsparticus.corp.reactrix.com|scott Chacon|
2007-11-20T12:07:46-08:00|schacon@agadorsparticus.corp.reactrix.com|scott Chacon|
2007-11-20T12:08:11-08:00|schacon@agadorsparticus.corp.reactrix.com|scott Chacon|
2007-11-20T13:24:44-08:00|schacon@agadorsparticus.corp.reactrix.com|scott Chacon|
2007-11-23T11:16:46-08:00|schacon@agadorsparticus.(none)|scott Chacon|
2007-11-23T11:50:02-08:00|schacon@agadorsparticus.(none)|scott Chacon|
2007-11-27T08:06:51-08:00|schacon@agadorsparticus.(none)|scott Chacon|
2007-11-27T08:21:28-08:00|schacon@agadorsparticus.(none)|scott Chacon|origin/internals
2007-11-27T08:21:48-08:00|schacon@agadorsparticus.(none)|scott Chacon|
2007-11-27T08:26:09-08:00|schacon@agadorsparticus.(none)|scott Chacon|
2007-11-27T08:42:26-08:00|schacon@agadorsparticus.(none)|scott Chacon|
2007-11-27T08:45:08-08:00|schacon@agadorsparticus.(none)|scott Chacon|
2007-11-29T10:29:53-08:00|schacon@agadorsparticus.corp.reactrix.com|scott Chacon|
2007-11-29T11:16:14-08:00|schacon@agadorsparticus.corp.reactrix.com|scott Chacon|
2008-01-14T17:47:09-08:00|schacon@agadorsparticus.(none)|scott Chacon|
2008-01-31T09:50:15-08:00|schacon@agadorsparticus.(none)|scott Chacon|
2008-01-31T09:52:24-08:00|schacon@agadorsparticus.(none)|scott Chacon|
2008-03-03T10:49:28-08:00|eric@ericgoodwin.com|Eric Goodwin|
2008-03-03T13:00:08-08:00|schacon@gmail.com|Scott Chacon|
2008-03-03T13:00:13-08:00|schacon@gmail.com|Scott Chacon|
2008-03-03T14:47:01-08:00|schacon@gmail.com|Scott Chacon|origin/test
2008-03-05T18:09:33-08:00|eric@ericgoodwin.com|Eric Goodwin|
2008-03-08T18:14:15-08:00|schacon@gmail.com|Scott Chacon|
2008-03-08T18:15:55-08:00|schacon@gmail.com|Scott Chacon|
2008-03-08T18:33:34-08:00|schacon@gmail.com|Scott Chacon|
2008-03-13T13:17:33-07:00|schacon@gmail.com|Scott Chacon|
2008-03-13T13:33:49-07:00|schacon@gmail.com|Scott Chacon|origin/integrate
2008-03-14T22:21:21-05:00|josh@joshpeek.com|Joshua Peek|tag: 1.0.5
2008-03-23T13:32:52-07:00|schacon@gmail.com|Scott Chacon|tag: 1.0.5.1
2008-05-05T22:52:08+08:00|jbernal@warp.es|Jorge Bernal|
2008-05-06T21:02:21+08:00|jbernal@warp.es|Jorge Bernal|
2008-05-07T01:06:40+08:00|jbernal@warp.es|Jorge Bernal|
2008-05-09T17:22:31+02:00|siebertm85@googlemail.com|Michael Siebert|
2008-05-12T20:42:45-07:00|schacon@gmail.com|Scott Chacon|
2008-05-22T15:43:28-07:00|schacon@gmail.com|Scott Chacon|
2008-05-26T08:22:47-07:00|schacon@gmail.com|Scott Chacon|
2008-05-27T12:30:45-07:00|schacon@gmail.com|Scott Chacon|
2008-05-27T12:36:07-07:00|schacon@gmail.com|Scott Chacon|
2008-05-27T12:59:54-07:00|schacon@gmail.com|Scott Chacon|tag: v1.0.7
2008-07-23T10:44:12+08:00|mikehale@gmail.com|Michael Hale|
2008-07-25T12:44:32+08:00|hotchpotch@gmail.com|Yuichi Tateno|
2008-07-25T12:46:11+08:00|hotchpotch@gmail.com|Yuichi Tateno|
2008-07-25T12:54:30+08:00|hotchpotch@gmail.com|Yuichi Tateno|
2008-08-13T11:19:35+08:00|ken@kenpratt.net|Ken Pratt|
2008-10-15T06:09:39+08:00|devyn.cairns@gmail.com|devyn|
2008-11-02T16:56:58-08:00|schacon@gmail.com|Scott Chacon|
2008-12-21T04:59:09+08:00|jon335@gmail.com|Jonathan Rudenberg|
2008-12-21T11:08:15+08:00|james.a.rosen@gmail.com|James Rosen|
2008-12-21T11:22:01+08:00|james.a.rosen@gmail.com|James Rosen|
2008-12-21T11:27:41+08:00|james.a.rosen@gmail.com|James Rosen|
2008-12-21T11:28:20+08:00|james.a.rosen@gmail.com|James Rosen|
2008-12-24T08:08:19+08:00|jon335@gmail.com|Jonathan Rudenberg|
2009-02-07T02:41:05+01:00|minad@slizer.hadiko.de|Daniel Mendler|
2009-02-07T03:01:06+01:00|minad@slizer.hadiko.de|Daniel Mendler|
2009-02-07T03:31:48+01:00|minad@slizer.hadiko.de|Daniel Mendler|
2009-02-10T00:01:15+01:00|minad@slizer.hadiko.de|Daniel Mendler|
2009-02-10T00:16:05+01:00|minad@slizer.hadiko.de|Daniel Mendler|
2009-02-10T01:03:14+01:00|minad@slizer.hadiko.de|Daniel Mendler|
2009-02-12T01:31:19+01:00|minad@slizer.hadiko.de|Daniel Mendler|
2009-02-12T06:33:51-09:00|git@elliottcable.name|elliottcable|
2009-02-12T06:36:40-09:00|git@elliottcable.name|elliottcable|
2009-02-12T06:45:54-09:00|git@elliottcable.name|elliottcable|
2009-02-12T06:49:18-09:00|git@elliottcable.name|elliottcable|
2009-02-12T09:12:00-08:00|schacon@gmail.com|Scott Chacon|
2009-02-12T09:12:49-08:00|schacon@gmail.com|Scott Chacon|
2009-02-12T09:16:03-08:00|schacon@gmail.com|Scott Chacon|
2009-02-12T09:22:32-08:00|schacon@gmail.com|Scott Chacon|
2009-02-12T17:41:19+01:00|minad@slizer.hadiko.de|Daniel Mendler|
2009-03-12T14:52:58-04:00|gianni@runlevel6.org|Gianni Chiappetta|
2009-03-17T11:26:01-04:00|gianni@runlevel6.org|Gianni Chiappetta|
2009-04-26T22:57:14-04:00|josh@technicalpickles.com|Josh Nichols|
2009-05-04T13:12:29-07:00|josh@technicalpickles.com|Josh Nichols|
2009-05-04T13:37:01-07:00|josh@technicalpickles.com|Josh Nichols|
2009-08-01T17:48:53-04:00|josh@technicalpickles.com|Joshua Nichols|
2009-08-01T18:16:30-04:00|josh@technicalpickles.com|Joshua Nichols|
2009-08-01T18:17:30-04:00|josh@technicalpickles.com|Joshua Nichols|
2009-08-01T18:17:42-04:00|josh@technicalpickles.com|Joshua Nichols|
2009-08-01T18:17:54-04:00|josh@technicalpickles.com|Joshua Nichols|tag: v1.2.0
2009-08-01T18:59:43-04:00|josh@technicalpickles.com|Joshua Nichols|
2009-08-01T19:01:30-04:00|josh@technicalpickles.com|Joshua Nichols|
2009-08-01T19:01:35-04:00|josh@technicalpickles.com|Joshua Nichols|tag: v1.2.1
2009-08-02T04:01:34-04:00|josh@technicalpickles.com|Joshua Nichols|
2009-08-02T04:05:57-04:00|josh@technicalpickles.com|Joshua Nichols|
2009-08-02T04:06:03-04:00|josh@technicalpickles.com|Joshua Nichols|tag: v1.2.2
2009-08-02T04:07:09-04:00|josh@technicalpickles.com|Joshua Nichols|
2009-08-10T08:08:42-07:00|schacon@gmail.com|schacon|
2009-09-30T02:39:44-04:00|josh@technicalpickles.com|Joshua Nichols|
2009-09-30T02:43:25-04:00|josh@technicalpickles.com|Joshua Nichols|
2009-09-30T02:45:55-04:00|josh@technicalpickles.com|Joshua Nichols|
2009-09-30T02:46:02-04:00|josh@technicalpickles.com|Joshua Nichols|tag: v1.2.3
2009-10-01T22:14:02-05:00|zacheryph@gmail.com|Zachery Hostens|
2009-10-01T23:24:15-04:00|josh@technicalpickles.com|Joshua Nichols|
2009-10-01T23:24:44-04:00|josh@technicalpickles.com|Joshua Nichols|tag: v1.2.4
2009-10-13T19:16:07-04:00|bryan@larsen.st|Bryan Larsen|
2009-10-17T11:00:01-04:00|josh@technicalpickles.com|Joshua Nichols|
2009-10-17T11:00:26-04:00|josh@technicalpickles.com|Joshua Nichols|tag: v1.2.5
2011-08-22T18:27:04-03:00|nathan@fixler.org|Nathan Fixler|
2011-09-02T15:17:26-07:00|josh@technicalpickles.com|Josh Nichols|
2011-10-19T16:30:26-05:00|richard.schneeman@gmail.com|schneems|
2011-12-09T20:43:56-05:00|steve@alfajango.com|Steve Schwartz|
2012-03-21T15:35:54+01:00|gcardoso.w@gmail.com|Gabriel Cardoso|
2012-04-17T14:48:52-07:00|chadrosen@gmail.com|Chad Rosen|
2013-01-19T18:38:23+04:00|sblohin@yandex.ru|TIT|
2013-04-03T15:48:03-03:00|decurnex.roberto@gmail.com|Roberto Decurnex|
2013-04-10T12:55:56-07:00|decurnex.roberto@gmail.com|Roberto Decurnex|
2013-04-10T14:22:38-03:00|decurnex.roberto@gmail.com|robertodecurnex|
2013-04-10T16:52:56-03:00|decurnex.roberto@gmail.com|robertodecurnex|
2013-04-10T17:09:29-03:00|decurnex.roberto@gmail.com|robertodecurnex|
2013-04-10T17:12:43-03:00|decurnex.roberto@gmail.com|robertodecurnex|
2013-04-10T17:33:33-03:00|decurnex.roberto@gmail.com|robertodecurnex|
2013-04-10T23:21:46-03:00|decurnex.roberto@gmail.com|robertodecurnex|
2013-04-10T23:25:56-03:00|decurnex.roberto@gmail.com|robertodecurnex|
2013-04-11T15:51:01-03:00|decurnex.roberto@gmail.com|robertodecurnex|
2013-04-11T15:56:34-03:00|decurnex.roberto@gmail.com|robertodecurnex|
2013-04-11T16:03:51-03:00|decurnex.roberto@gmail.com|robertodecurnex|
2013-04-11T16:05:12-03:00|decurnex.roberto@gmail.com|robertodecurnex|
2013-04-11T16:26:04-03:00|decurnex.roberto@gmail.com|robertodecurnex|
2013-04-11T16:42:10-03:00|decurnex.roberto@gmail.com|robertodecurnex|
2013-04-11T17:07:51-03:00|decurnex.roberto@gmail.com|robertodecurnex|
2013-04-11T17:32:37-03:00|decurnex.roberto@gmail.com|Roberto Decurnex|
2013-04-11T17:34:06-03:00|decurnex.roberto@gmail.com|robertodecurnex|
2013-04-11T17:56:42-03:00|decurnex.roberto@gmail.com|robertodecurnex|
2013-04-11T18:14:06-03:00|decurnex.roberto@gmail.com|robertodecurnex|
2013-04-11T18:15:38-03:00|decurnex.roberto@gmail.com|robertodecurnex|
2013-04-11T18:22:44-03:00|decurnex.roberto@gmail.com|robertodecurnex|
2013-04-11T19:14:03-03:00|decurnex.roberto@gmail.com|robertodecurnex|
2013-04-12T10:56:07-03:00|decurnex.roberto@gmail.com|robertodecurnex|
2013-04-12T12:14:08-03:00|decurnex.roberto@gmail.com|robertodecurnex|
2013-04-15T11:44:39-03:00|decurnex.roberto@gmail.com|robertodecurnex|
2013-04-15T11:45:47-03:00|decurnex.roberto@gmail.com|robertodecurnex|
2013-04-15T11:47:59-03:00|decurnex.roberto@gmail.com|robertodecurnex|
2013-04-15T12:07:56-03:00|decurnex.roberto@gmail.com|robertodecurnex|
2013-04-15T13:18:46-03:00|decurnex.roberto@gmail.com|robertodecurnex|
2013-04-15T17:28:36-03:00|decurnex.roberto@gmail.com|robertodecurnex|
2013-04-15T17:38:37-03:00|decurnex.roberto@gmail.com|robertodecurnex|
2013-04-26T16:38:06-03:00|decurnex.roberto@gmail.com|robertodecurnex|
2013-04-26T17:02:17-03:00|decurnex.roberto@gmail.com|robertodecurnex|
2013-04-26T17:42:30-03:00|decurnex.roberto@gmail.com|robertodecurnex|
2013-04-26T18:01:11-03:00|decurnex.roberto@gmail.com|robertodecurnex|
2013-04-26T18:08:19-03:00|decurnex.roberto@gmail.com|robertodecurnex|
2013-04-29T10:04:12-03:00|decurnex.roberto@gmail.com|robertodecurnex|
2013-04-29T10:09:08-03:00|decurnex.roberto@gmail.com|robertodecurnex|
2013-04-29T11:21:32-04:00|joe.moore@gmail.com|Joe Moore|
2013-04-29T11:35:07-04:00|joe.moore@gmail.com|Joe Moore|
2013-04-29T14:10:12-03:00|decurnex.roberto@gmail.com|robertodecurnex|
2013-04-29T14:11:13-03:00|decurnex.roberto@gmail.com|robertodecurnex|origin/develop
2013-04-29T17:06:00-03:00|decurnex.roberto@gmail.com|Roberto Decurnex|
2013-04-29T17:28:23-03:00|decurnex.roberto@gmail.com|robertodecurnex|
2013-05-23T16:42:56+08:00|mrmallete@gmail.com|Michael Mallete|
2013-05-23T16:44:56+08:00|mrmallete@gmail.com|Michael Mallete|
2013-05-24T21:45:56+08:00|mrmallete@gmail.com|Michael Mallete|
2013-06-14T10:59:09-04:00|tjbiddle@inflection.com|TJ Biddle|
2013-08-16T11:44:47-03:00|decurnex.roberto@gmail.com|robertodecurnex|
2013-08-16T11:57:22-03:00|decurnex.roberto@gmail.com|robertodecurnex|
2013-08-16T12:21:29-03:00|decurnex.roberto@gmail.com|robertodecurnex|
2013-08-16T16:47:42-03:00|decurnex.roberto@gmail.com|robertodecurnex|
2013-08-16T18:09:23-03:00|decurnex.roberto@gmail.com|robertodecurnex|
2013-08-16T18:13:16-03:00|decurnex.roberto@gmail.com|robertodecurnex|
2013-08-16T18:17:28-03:00|decurnex.roberto@gmail.com|robertodecurnex|
2013-08-16T18:40:54-03:00|decurnex.roberto@gmail.com|robertodecurnex|
2013-08-16T18:45:14-03:00|decurnex.roberto@gmail.com|robertodecurnex|
2013-08-17T01:45:21-03:00|decurnex.roberto@gmail.com|robertodecurnex|
2013-08-17T01:53:04-03:00|decurnex.roberto@gmail.com|robertodecurnex|
2013-08-17T02:38:39-03:00|decurnex.roberto@gmail.com|robertodecurnex|
2013-08-17T02:50:07-03:00|decurnex.roberto@gmail.com|robertodecurnex|
2013-08-17T03:50:05-03:00|decurnex.roberto@gmail.com|robertodecurnex|
2013-08-17T04:23:53-03:00|decurnex.roberto@gmail.com|robertodecurnex|tag: v1.2.6
2013-08-30T11:41:23-03:00|decurnex.roberto@gmail.com|Roberto Decurnex|
2013-08-30T11:42:39-03:00|decurnex.roberto@gmail.com|Roberto Decurnex|
2013-09-12T14:45:23+09:00|ohtake.tomohiro@jp.fujitsu.com|OHTAKE Tomohiro|
2013-12-05T15:38:49-05:00|davefp@gmail.com|David Underwood|
2013-12-16T22:32:17-08:00|ajschrag@mtu.edu|Andy Schrage|
2014-01-06T16:58:31+11:00|cameron.walsh@bigcommerce.com|Cameron Walsh|
2014-01-13T10:22:29-08:00|decurnex.roberto@gmail.com|Roberto Decurnex|
2014-01-13T10:38:09-08:00|decurnex.roberto@gmail.com|Roberto Decurnex|
2014-01-13T10:48:52-08:00|decurnex.roberto@gmail.com|Roberto Decurnex|
2014-01-13T11:52:28-08:00|decurnex.roberto@gmail.com|Roberto Decurnex|
2014-01-13T13:33:48-03:00|decurnex.roberto@gmail.com|robertodecurnex|
2014-01-13T13:54:26-03:00|decurnex.roberto@gmail.com|robertodecurnex|
2014-01-13T14:55:50-03:00|decurnex.roberto@gmail.com|robertodecurnex|
2014-01-13T15:17:07-03:00|decurnex.roberto@gmail.com|robertodecurnex|
2014-01-13T15:43:19-03:00|decurnex.roberto@gmail.com|robertodecurnex|
2014-01-13T15:48:00-03:00|decurnex.roberto@gmail.com|robertodecurnex|
2014-01-13T16:21:50-03:00|decurnex.roberto@gmail.com|robertodecurnex|
2014-01-13T17:16:14-03:00|decurnex.roberto@gmail.com|robertodecurnex|
2014-01-13T22:39:00-03:00|decurnex.roberto@gmail.com|robertodecurnex|
2014-01-15T11:56:00-03:00|decurnex.roberto@gmail.com|robertodecurnex|
2014-01-15T13:28:23-03:00|decurnex.roberto@gmail.com|robertodecurnex|
2014-01-15T13:58:22-03:00|decurnex.roberto@gmail.com|robertodecurnex|
2014-01-15T17:27:22-03:00|decurnex.roberto@gmail.com|robertodecurnex|
2014-01-15T17:45:15-03:00|decurnex.roberto@gmail.com|robertodecurnex|
2014-01-15T18:03:18-03:00|decurnex.roberto@gmail.com|robertodecurnex|
2014-01-17T18:10:23-03:00|decurnex.roberto@gmail.com|robertodecurnex|
2014-01-27T17:41:08-03:00|decurnex.roberto@gmail.com|robertodecurnex|
2014-01-28T10:44:41-08:00|bsedat@tinfoilsecurity.com|Ben Sedat|
2014-01-28T12:28:01-08:00|decurnex.roberto@gmail.com|Roberto Decurnex|
2014-01-28T12:47:08+11:00|cameron.walsh@bigcommerce.com|Cameron Walsh|
2014-01-29T11:11:32-08:00|decurnex.roberto@gmail.com|Roberto Decurnex|
2014-02-03T18:14:29-03:00|decurnex.roberto@gmail.com|robertodecurnex|
2014-02-03T18:17:12-03:00|decurnex.roberto@gmail.com|robertodecurnex|
2014-02-05T15:50:54-03:00|decurnex.roberto@gmail.com|robertodecurnex|
2014-02-05T16:05:04-03:00|decurnex.roberto@gmail.com|robertodecurnex|
2014-02-08T11:24:59+13:00|arnvald.to@gmail.com|Arnvald|
2014-05-21T17:09:11-04:00|guyhughes@users.noreply.github.com|Guy Hughes|
2014-06-04T13:59:45-03:00|decurnex.roberto@gmail.com|Roberto Decurnex|
2014-06-09T17:06:42-03:00|roberto.decurnex@avature.net|robertodecurnex|tag: v1.2.7
2014-06-09T17:39:43-03:00|roberto.decurnex@avature.net|robertodecurnex|
2014-06-25T17:59:18-03:00|roberto.decurnex@avature.net|robertodecurnex|
2014-07-08T03:16:57+09:00|yuya@j96.org|Yuya.Nishida|
2014-07-08T03:18:02+09:00|yuya@j96.org|Yuya.Nishida|
2014-07-08T16:18:01-03:00|decurnex.roberto@gmail.com|Roberto Decurnex|
2014-07-21T11:13:36+02:00|xca@atolcd.com|Xavier Calland|
2014-07-31T16:39:15-03:00|decurnex.roberto@gmail.com|Roberto Decurnex|
2014-07-31T16:57:57-03:00|roberto.decurnex@avature.net|Roberto Decurnex|tag: v1.2.8
2014-08-06T16:00:16-04:00|kelly.stannard@lendkey.com|Kelly Stannard|
2014-08-06T17:05:40-04:00|kelly.stannard@lendkey.com|Kelly Stannard|
2014-08-06T17:10:10-04:00|kelly.stannard@lendkey.com|Kelly Stannard|
2014-08-07T11:30:40-04:00|kelly.stannard@lendkey.com|Kelly Stannard|
2014-09-26T17:07:44-04:00|fluong@salesforce.com|Francis Luong (Franco)|
2014-09-29T02:01:41-03:00|roberto.decurnex@avature.net|Roberto Decurnex|
2014-09-29T02:15:41-03:00|roberto.decurnex@avature.net|Roberto Decurnex|
2014-09-29T15:02:09-03:00|roberto.decurnex@avature.net|Roberto Decurnex|
2014-09-29T17:15:13-03:00|roberto.decurnex@avature.net|Roberto Decurnex|
2014-10-22T19:01:51-07:00|matt@mattwrock.com|mwrock|
2014-11-20T18:53:07-06:00|brian.stevens@dataporters.com|Brian Stevens|
2014-11-25T18:24:54-05:00|adam@adamhooper.com|Adam Hooper|
2014-11-28T17:20:32-03:00|decurnex.roberto@gmail.com|Roberto Decurnex|
2014-11-28T23:48:46-03:00|decurnex.roberto@gmail.com|Roberto Decurnex|
2014-12-02T15:07:41-03:00|decurnex.roberto@gmail.com|Roberto Decurnex|
2014-12-02T15:33:21-03:00|decurnex.roberto@gmail.com|Roberto Decurnex|
2014-12-03T13:00:37-03:00|decurnex.roberto@gmail.com|Roberto Decurnex|
2014-12-03T13:25:15-03:00|decurnex.roberto@gmail.com|Roberto Decurnex|
2014-12-29T16:04:28-03:00|decurnex.roberto@gmail.com|Roberto Decurnex|
2014-12-29T16:48:37-03:00|decurnex.roberto@gmail.com|Roberto Decurnex|
2014-12-29T16:53:04-03:00|decurnex.roberto@gmail.com|Roberto Decurnex|
2014-12-29T17:35:16-03:00|decurnex.roberto@gmail.com|Roberto Decurnex|
2014-12-29T17:36:51-03:00|decurnex.roberto@gmail.com|Roberto Decurnex|
2014-12-29T17:41:56-03:00|decurnex.roberto@gmail.com|Roberto Decurnex|
2014-12-29T23:15:20-03:00|decurnex.roberto@gmail.com|Roberto Decurnex|
2015-01-02T20:36:10-06:00|dclane@gmail.com|Dave Lane|
2015-01-05T11:18:09-03:00|decurnex.roberto@gmail.com|Roberto Decurnex|
2015-01-05T11:19:24-03:00|decurnex.roberto@gmail.com|Roberto Decurnex|
2015-01-05T14:42:16-03:00|decurnex.roberto@gmail.com|Roberto Decurnex|
2015-01-05T14:45:48-03:00|decurnex.roberto@gmail.com|Roberto Decurnex|
2015-01-05T14:46:14-03:00|decurnex.roberto@gmail.com|Roberto Decurnex|
2015-01-05T15:05:22-03:00|decurnex.roberto@gmail.com|Roberto Decurnex|
2015-01-05T15:23:13-03:00|decurnex.roberto@gmail.com|Roberto Decurnex|
2015-01-05T15:28:46-03:00|decurnex.roberto@gmail.com|Roberto Decurnex|
2015-01-05T15:33:36-03:00|decurnex.roberto@gmail.com|Roberto Decurnex|
2015-01-05T15:39:18-03:00|decurnex.roberto@gmail.com|Roberto Decurnex|
2015-01-05T16:55:58-03:00|decurnex.roberto@gmail.com|Roberto Decurnex|
2015-01-05T17:38:37-03:00|decurnex.roberto@gmail.com|Roberto Decurnex|
2015-01-05T17:40:40-03:00|decurnex.roberto@gmail.com|Roberto Decurnex|
2015-01-05T17:54:12-03:00|decurnex.roberto@gmail.com|Roberto Decurnex|
2015-01-06T10:43:39-03:00|decurnex.roberto@gmail.com|Roberto Decurnex|
2015-01-06T11:09:59-03:00|decurnex.roberto@gmail.com|Roberto Decurnex|
2015-01-06T11:10:30-03:00|decurnex.roberto@gmail.com|Roberto Decurnex|
2015-01-06T11:18:11-03:00|decurnex.roberto@gmail.com|Roberto Decurnex|
2015-01-06T11:19:34-03:00|decurnex.roberto@gmail.com|Roberto Decurnex|
2015-01-06T12:23:09-03:00|decurnex.roberto@gmail.com|Roberto Decurnex|
2015-01-12T10:12:10-03:00|decurnex.roberto@gmail.com|Roberto Decurnex|
2015-01-12T13:27:07+01:00|sitter@kde.org|Harald Sitter|
2015-01-12T13:30:48-03:00|decurnex.roberto@gmail.com|Roberto Decurnex|
2015-01-12T14:05:56-03:00|decurnex.roberto@gmail.com|Roberto Decurnex|
2015-01-12T14:58:38-03:00|decurnex.roberto@gmail.com|Roberto Decurnex|
2015-01-12T15:31:22-03:00|decurnex.roberto@gmail.com|Roberto Decurnex|
2015-01-12T15:42:57-03:00|decurnex.roberto@gmail.com|Roberto Decurnex|
2015-01-12T15:46:20-03:00|decurnex.roberto@gmail.com|Roberto Decurnex|
2015-01-12T16:23:12-03:00|decurnex.roberto@gmail.com|Roberto Decurnex|
2015-01-12T16:51:41-03:00|decurnex.roberto@gmail.com|Roberto Decurnex|tag: v1.2.9
2015-01-12T17:44:21-03:00|decurnex.roberto@gmail.com|Roberto Decurnex|
2015-01-13T14:34:52-08:00|etsiliacos@pivotal.io|Eric Tsiliacos|
2015-01-13T23:23:35-03:00|decurnex.roberto@gmail.com|Roberto Decurnex|
2015-01-15T14:15:46-03:00|decurnex.roberto@gmail.com|Roberto Decurnex|tag: v1.2.9.1
2015-01-21T16:42:13-03:00|decurnex.roberto@gmail.com|Roberto Decurnex|origin/diff_name_status
2015-10-14T21:09:26+02:00|christian.paling@googlemail.com|Christian Paling|
2016-02-16T13:26:33-03:00|decurnex.roberto@gmail.com|Roberto Decurnex|
2016-02-16T13:28:55-03:00|decurnex.roberto@gmail.com|Roberto Decurnex|
2016-02-16T13:38:37-03:00|decurnex.roberto@gmail.com|Roberto Decurnex|
2016-02-16T13:39:15-03:00|decurnex.roberto@gmail.com|Roberto Decurnex|
2016-02-16T15:42:14+00:00|david@bab.la|David Vartanian|
2016-02-25T12:31:33-03:00|decurnex.roberto@gmail.com|Roberto Decurnex|
2016-02-25T12:33:06-03:00|decurnex.roberto@gmail.com|Roberto Decurnex|
2016-02-25T12:43:13-03:00|decurnex.roberto@gmail.com|Roberto Decurnex|
2016-02-25T13:08:42-03:00|decurnex.roberto@gmail.com|Roberto Decurnex|
2016-02-25T16:16:06-03:00|decurnex.roberto@gmail.com|Roberto Decurnex|tag: v1.2.10
2016-02-25T19:17:13-03:00|decurnex.roberto@gmail.com|Roberto Decurnex|
2016-02-25T19:22:08-03:00|decurnex.roberto@gmail.com|Roberto Decurnex|tag: v1.3.0
2018-01-10T08:28:55+02:00|per.lundberg@ecraft.com|Per Lundberg|
2018-01-31T15:13:30+02:00|per.lundberg@ecraft.com|Per Lundberg|
2018-02-01T08:55:30+02:00|per.lundberg@ecraft.com|Per Lundberg|
2018-03-07T11:33:27-06:00|me@vernburton.com|Vern Burton|
2018-03-28T08:44:59-03:00|rr.manzo@protonmail.com|Rafael Reggiani Manzo|
2018-03-31T08:30:44+01:00|richard@vodden.com|Richard Vodden|
2018-03-31T22:16:50+03:00|per.lundberg@ecraft.com|Per Lundberg|
2018-04-30T14:47:26+03:00|drakmail@gmail.com|Alexander Maslov|
2018-05-03T09:37:17-03:00|guimalufb@gmail.com|Guilherme Maluf Balzana|
2018-05-03T13:48:03+01:00|karaken12@gmail.com|Tom Potts|
2018-05-16T09:42:45+03:00|per.lundberg@ecraft.com|Per Lundberg|
2018-05-16T09:49:34+03:00|per.lundberg@ecraft.com|Per Lundberg|tag: v1.4.0
2018-06-20T06:58:17-05:00|me@vernburton.com|Vern Burton|
2018-06-20T14:02:19+02:00|denis@denis.ws|Denis Defreyne|
2018-06-25T11:45:38-07:00|taquitos@users.noreply.github.com|Joshua Liebowitz|
2018-06-25T11:46:53-07:00|taquitos@users.noreply.github.com|Joshua Liebowitz|
2018-06-26T04:23:21+09:00|taichiro0709@gmail.com|Taichiro Suzuki|
2018-07-06T23:12:24+03:00|per.lundberg@ecraft.com|Per Lundberg|
2018-07-12T06:19:21-04:00|kwstannard@gmail.com|Kelly Stannard|
2018-07-12T16:49:52-03:00|mgarciaisaia+github@gmail.com|Matias Garcia Isaia|
2018-07-28T17:33:52+01:00|im@kdy.ch|Kody|
2018-08-01T09:16:42-05:00|me@vernburton.com|Vern Burton|
2018-08-01T11:29:32-05:00|me@vernburton.com|Vern Burton|
2018-08-10T09:57:26+02:00|per.lundberg@ecraft.com|Per Lundberg|tag: v1.5.0
2018-08-21T19:00:18-05:00|me@vernburton.com|Vern Burton|
2018-08-24T18:06:12-05:00|singpolyma@singpolyma.net|Stephen Paul Weber|
2018-10-02T10:03:44-04:00|evgenii@toptal.com|Evgenii Pecherkin|
2019-02-17T11:16:47-08:00|jcouball@yahoo.com|James Couball|
2019-09-20T12:01:33-06:00|afiune@chef.io|Salim Afiune|
2019-12-11T10:04:03-08:00|jcouball@yahoo.com|James Couball|
2020-01-20T00:17:52+01:00|perlun@gmail.com|Per Lundberg|
2020-01-20T09:04:35-08:00|jcouball@yahoo.com|James Couball|
2020-01-22T21:03:19+00:00|aidan.samuel@gmail.com|cyclotron3k|
2020-01-23T14:07:34-08:00|jcouball@yahoo.com|James Couball|
2020-01-25T08:17:16-08:00|jcouball@yahoo.com|James Couball|
2020-01-25T08:28:48-08:00|jcouball@yahoo.com|James Couball|
2020-02-02T08:06:19-08:00|jcouball@yahoo.com|James Couball|tag: v1.6.0
2020-02-04T03:31:12+09:00|yuu725@gmail.com|Yuta Harima|
2020-02-05T00:20:01+09:00|yuu725@gmail.com|Yuta Harima|
2020-02-06T02:13:29+01:00|harald.achitz@gmail.com|Harald|
2020-02-10T22:29:14+01:00|mhoyer@pixelplastic.de|Marcel Hoyer|
2020-04-05T14:15:30-07:00|47191704+sd-trailhead-james@users.noreply.github.com|James Bunch|
2020-04-05T17:06:53-03:00|asa@terceiro.xyz|Antonio Terceiro|
2020-04-05T17:33:04-05:00|github@agora-security.com|Agora Security|
2020-04-05T17:50:17-04:00|amayer5125@gmail.com|Alex Mayer|
2020-04-05T20:33:35+03:00|sblohin@yandex.ru|TIT|
2020-04-06T00:00:10+02:00|muellerj@users.noreply.github.com|Jonas Müller|
2020-04-20T00:42:46+09:00|mike@inqk.net|Michael Camilleri|
2020-04-25T14:37:59-07:00|jcouball@yahoo.com|James Couball|
2020-04-25T14:40:51-07:00|couballj@verizonmedia.com|James Couball|tag: v1.7.0
2020-08-31T12:03:13-04:00|23052+AndyObtiva@users.noreply.github.com|Andy Maleh|
2020-09-06T02:30:59+03:00|kpd200081@yandex.ru|Pavel Kuznetsov|
2020-09-06T09:34:59+10:00|56898601+hatkyinc2@users.noreply.github.com|Ofir Petrushka|
2020-10-25T13:44:45-04:00|23052+AndyObtiva@users.noreply.github.com|Andy Maleh|
2020-11-24T08:04:25-10:00|romain@blogreen.org|Romain Tartière|
2020-11-25T22:22:41-08:00|jcouball@yahoo.com|James Couball|
2020-11-27T19:02:15+02:00|b.stanimirov@abv.bg|Borislav Stanimirov|
2020-12-19T16:36:46-08:00|jcouball@yahoo.com|James Couball|
2020-12-20T15:19:54-05:00|amayer5125@gmail.com|Alex Mayer|
2020-12-22T09:31:29-08:00|jcouball@yahoo.com|James Couball|
2020-12-22T10:27:27-08:00|jcouball@yahoo.com|James Couball|
2020-12-22T13:24:17-08:00|294123+SocalNick@users.noreply.github.com|Nicholas Calugar|
2020-12-22T16:26:24-06:00|me@vernburton.com|Vern Burton|
2020-12-23T00:02:11-08:00|gabriel.gilder+github@gmail.com|Gabriel Gilder|
2020-12-23T00:07:55-08:00|jcouball@yahoo.com|James Couball|
2020-12-23T06:43:01+09:00|hideee.0202@gmail.com|Hidetaka Okita|
2020-12-23T16:29:47-05:00|peter@kovax.org|Peter Kovacs|
2020-12-23T20:17:58+01:00|mpapis@gmail.com|Michal Papis|
2020-12-28T13:45:04-08:00|jcouball@yahoo.com|James Couball|
2020-12-31T10:32:06-08:00|jcouball@yahoo.com|James Couball|tag: v1.8.0
2020-12-31T12:46:03-08:00|jcouball@yahoo.com|James Couball|
2020-12-31T13:01:10-08:00|jcouball@yahoo.com|James Couball|tag: v1.8.1
2021-01-10T18:13:20-08:00|jcouball@yahoo.com|James Couball|
2021-01-15T14:32:20-08:00|jcouball@yahoo.com|James Couball|
2021-01-18T12:48:26-08:00|jcouball@yahoo.com|James Couball|HEAD -> master, origin/master, origin/HEAD
