v1.8.1:3c66e2b8ee8eed540bfa355dcb2178f26d542c0b::2020-12-31T13:01:10-08:00
v1.8.0:352f688489b5edd7e93cb956636f323bf5bafc90::2020-12-31T10:32:06-08:00
v1.7.0:fa9e2a5a1869731541b9703b17276ae5ecaced8c:4bef5abbba073c77b4d0ccc1ffcd0ed7d48be5d4:2020-04-25T14:40:51-07:00
v1.6.0.pre1:69621e19a1a607d01e7e296d9bd8aaf593018e9b:b9c7c5c51f935e547ab15a134e66c65ea0d9ab76:2020-01-20T09:20:24-08:00
v1.6.0:49db88b6371211b1c9ebafad63d38c9ece8ca381::2020-02-02T08:06:19-08:00
v1.5.0:024942729a623adea934d6dbd8ed503240e6cd7e:fd2642a626d20594a25010526f10ff99431c2cca:2018-08-10T09:58:15+02:00
v1.4.0:f2633470c2cfa3a8a78f608f622629a6c772041d:c8d10125d0cf172684e2da776b79edf90baebc52:2018-05-16T09:50:02+03:00
v1.3.0:03524b251812019da4fed3fc7d6c835f03f47c3d:a223fcf873bd99658cd1d0bdee1818adc7e3e92c:2016-02-25T19:22:42-03:00
v1.2.10:9110f3908ed5e76ad9366d1e5005db9e38b602e0:6f48447656c68317842aaa39a959dbe69681e38d:2016-02-25T19:16:29-03:00
v1.2.9.1:4bc7f14b62714853c1bd0c53930172356116e6a1:cc6d6efc1b7eaf63609c4c06969b0f839dc80095:2015-01-15T14:16:05-03:00
v1.2.9:697d201b779991fb66e1d14d488e028518c9029e:99b11561a64740285872f4c0a8b72e3e69308ed2:2015-01-12T16:52:34-03:00
v1.2.8:20fcdc6cec2e5a2a88be63e7f441f889ad17e158:8425a6b6169eaeda0afe2e16b0e4210ed433caf2:2014-07-31T17:04:37-03:00
v1.2.7:a8debf3605b1ddf05ed6a2243bd1d6cbbc1275df:219c729b24b1dc868986f821655912612919ac21:2014-06-09T17:07:30-03:00
v1.2.6:f14a87280dd00215e892b8b20859c128a85f0759:6db4fdcad851eeaff6382a9eb6748455c3818c3e:2013-08-17T04:24:31-03:00
v1.2.5:94f389bf5d9af4511597d035e69d1be9510b50c7::2009-10-17T11:00:26-04:00
v1.2.4:1987b5010ed1abff915bd87146753323754bfb13::2009-10-01T23:24:44-04:00
v1.2.3:2962356828cc0ce07674b1c1fa39fde893732344::2009-09-30T02:46:02-04:00
v1.2.2:85fa6ec3a68b6ff8acfa69c59fbdede1385f63bb::2009-08-02T04:06:03-04:00
v1.2.1:f85cef0b1916f09ceb38f778ada98b23c8610da7::2009-08-01T19:01:35-04:00
v1.2.0:cfad76700b3d38eb3be97e2d5ef75cc0a398f818::2009-08-01T18:17:54-04:00
v1.0.7:2bc4103245a4e8d9f79ec59c2814c47b857d3a0b:1adc5b8136c2cd6c694629947e1dbc49c8bffe6a:2008-06-02T17:06:08-07:00
1.0.5.1:3d26fb201e724814c6dd61cdb7ac8605c35a1dc0:ae106e2a3569e5ea874852c613ed060d8e232109:2008-03-23T13:33:09-07:00
1.0.5:6c4af60f5fc5193b956a4698b604ad96ef3c51c6::2008-03-14T22:21:21-05:00
1.0.3:be47ad8aea4f854fc2d6773456fb28f3e9f519e7::2007-11-16T11:48:45-08:00
