Connecting to f6e83732c84fe310515fe7162376e5420c6f4a27d015094ccc22be658b62d3c8
Storing our database in /tmp/tmp-5029E7feUNe8UiyB
Connecting to swarm
Database is ready!
Channels []
Peer added 6a4ed8b325acf3cb4a7c47625d0e66610ebc9be75b775e934efdb5440bb09097
new channel default
Got a message { key:
   '6a4ed8b325acf3cb4a7c47625d0e66610ebc9be75b775e934efdb5440bb09097',
  seq: 0,
  value:
   { type: 'chat/text',
     content: { channel: 'default', text: 'hello everyone' },
     timestamp: 1556023954404 } }
user message { key:
   '6a4ed8b325acf3cb4a7c47625d0e66610ebc9be75b775e934efdb5440bb09097',
  seq: 1,
  value:
   { type: 'about',
     content: { name: 'Will' },
     timestamp: 1556023961901 } }
Got a message { key:
   '6a4ed8b325acf3cb4a7c47625d0e66610ebc9be75b775e934efdb5440bb09097',
  seq: 2,
  value:
   { type: 'chat/text',
     content: { channel: 'default', text: 'This is my new name' },
     timestamp: 1556023967911 } }
new channel new channel
Got a message { key:
   '6a4ed8b325acf3cb4a7c47625d0e66610ebc9be75b775e934efdb5440bb09097',
  seq: 3,
  value:
   { type: 'chat/text',
     content:
      { channel: 'new channel', text: 'lets talk about this instead' },
     timestamp: 1556023978198 } }
Got a message { key:
   '6a4ed8b325acf3cb4a7c47625d0e66610ebc9be75b775e934efdb5440bb09097',
  seq: 4,
  value:
   { type: 'chat/topic',
     content: { channel: 'new channel', text: 'Serious Stuff' },
     timestamp: 1556023983080 } }
Peer dropped 6a4ed8b325acf3cb4a7c47625d0e66610ebc9be75b775e934efdb5440bb09097
