[32mINFO[0m:     [21-04-2024 16:06:02] Set chroma_server_nofile to 65535
[32mINFO[0m:     [21-04-2024 16:06:14] Set chroma_server_nofile to 65535
[32mINFO[0m:     [21-04-2024 16:06:14] Anonymized telemetry enabled. See                     https://docs.trychroma.com/telemetry for more information.
[36mDEBUG[0m:    [21-04-2024 16:06:14] Starting component System
[36mDEBUG[0m:    [21-04-2024 16:06:14] Starting component OpenTelemetryClient
[36mDEBUG[0m:    [21-04-2024 16:06:14] Starting component SimpleAssignmentPolicy
[36mDEBUG[0m:    [21-04-2024 16:06:14] Starting component SqliteDB
[36mDEBUG[0m:    [21-04-2024 16:06:14] Starting component QuotaEnforcer
[36mDEBUG[0m:    [21-04-2024 16:06:14] Starting component Posthog
[36mDEBUG[0m:    [21-04-2024 16:06:14] Starting component LocalSegmentManager
[36mDEBUG[0m:    [21-04-2024 16:06:14] Starting component SegmentAPI
[32mINFO[0m:     [21-04-2024 16:06:14] Started server process [[36m18081[0m]
[32mINFO[0m:     [21-04-2024 16:06:14] Waiting for application startup.
[32mINFO[0m:     [21-04-2024 16:06:14] Application startup complete.
[32mINFO[0m:     [21-04-2024 16:06:14] Uvicorn running on [1mhttp://localhost:8000[0m (Press CTRL+C to quit)
[32mINFO[0m:     [21-04-2024 16:08:46] ::1:60011 - "POST /api/v1/collections?tenant=default_tenant&database=default_database HTTP/1.1" 200
[36mDEBUG[0m:    [21-04-2024 16:08:46] Starting component PersistentLocalHnswSegment
[32mINFO[0m:     [21-04-2024 16:08:46] ::1:60012 - "POST /api/v1/collections/fa2358a1-29cc-460b-ada8-bffddbc7263d/upsert HTTP/1.1" 200
[32mINFO[0m:     [21-04-2024 16:09:24] ::1:60015 - "POST /api/v1/collections?tenant=default_tenant&database=default_database HTTP/1.1" 200
[32mINFO[0m:     [21-04-2024 16:09:32] ::1:60053 - "POST /api/v1/collections/fa2358a1-29cc-460b-ada8-bffddbc7263d/query HTTP/1.1" 200
[32mINFO[0m:     [21-04-2024 16:11:01] ::1:60200 - "POST /api/v1/collections?tenant=default_tenant&database=default_database HTTP/1.1" 200
[32mINFO[0m:     [21-04-2024 16:11:01] ::1:60201 - "POST /api/v1/collections/fa2358a1-29cc-460b-ada8-bffddbc7263d/upsert HTTP/1.1" 200
[32mINFO[0m:     [21-04-2024 16:11:05] ::1:60203 - "POST /api/v1/collections?tenant=default_tenant&database=default_database HTTP/1.1" 200
[32mINFO[0m:     [21-04-2024 16:11:08] ::1:60203 - "POST /api/v1/collections/fa2358a1-29cc-460b-ada8-bffddbc7263d/query HTTP/1.1" 200
[32mINFO[0m:     [21-04-2024 16:11:52] ::1:60231 - "OPTIONS /api/v1/collections?tenant=default_tenant&database=default_database HTTP/1.1" 400
[32mINFO[0m:     [21-04-2024 16:12:43] Shutting down
[32mINFO[0m:     [21-04-2024 16:12:43] Waiting for application shutdown.
[36mDEBUG[0m:    [21-04-2024 16:12:43] Stopping component System
[36mDEBUG[0m:    [21-04-2024 16:12:43] Stopping component SegmentAPI
[36mDEBUG[0m:    [21-04-2024 16:12:43] Stopping component PersistentLocalHnswSegment
[36mDEBUG[0m:    [21-04-2024 16:12:43] Stopping component LocalSegmentManager
[36mDEBUG[0m:    [21-04-2024 16:12:43] Stopping component Posthog
[36mDEBUG[0m:    [21-04-2024 16:12:43] Stopping component QuotaEnforcer
[36mDEBUG[0m:    [21-04-2024 16:12:43] Stopping component SqliteDB
[36mDEBUG[0m:    [21-04-2024 16:12:43] Stopping component SimpleAssignmentPolicy
[36mDEBUG[0m:    [21-04-2024 16:12:43] Stopping component OpenTelemetryClient
[32mINFO[0m:     [21-04-2024 16:12:43] Application shutdown complete.
[32mINFO[0m:     [21-04-2024 16:12:43] Finished server process [[36m18081[0m]
[32mINFO[0m:     [21-04-2024 16:14:26] Set chroma_server_nofile to 65535
[32mINFO[0m:     [21-04-2024 16:14:26] Anonymized telemetry enabled. See                     https://docs.trychroma.com/telemetry for more information.
[36mDEBUG[0m:    [21-04-2024 16:14:26] Starting component System
[36mDEBUG[0m:    [21-04-2024 16:14:26] Starting component OpenTelemetryClient
[36mDEBUG[0m:    [21-04-2024 16:14:26] Starting component SimpleAssignmentPolicy
[36mDEBUG[0m:    [21-04-2024 16:14:26] Starting component SqliteDB
[36mDEBUG[0m:    [21-04-2024 16:14:26] Starting component QuotaEnforcer
[36mDEBUG[0m:    [21-04-2024 16:14:26] Starting component Posthog
[36mDEBUG[0m:    [21-04-2024 16:14:26] Starting component LocalSegmentManager
[36mDEBUG[0m:    [21-04-2024 16:14:26] Starting component SegmentAPI
[32mINFO[0m:     [21-04-2024 16:14:26] Started server process [[36m18967[0m]
[32mINFO[0m:     [21-04-2024 16:14:26] Waiting for application startup.
[32mINFO[0m:     [21-04-2024 16:14:26] Application startup complete.
[32mINFO[0m:     [21-04-2024 16:14:26] Uvicorn running on [1mhttp://localhost:8000[0m (Press CTRL+C to quit)
[32mINFO[0m:     [21-04-2024 16:14:33] ::1:60866 - "OPTIONS /api/v1/collections?tenant=default_tenant&database=default_database HTTP/1.1" 200
[32mINFO[0m:     [21-04-2024 16:14:33] ::1:60866 - "POST /api/v1/collections?tenant=default_tenant&database=default_database HTTP/1.1" 200
[32mINFO[0m:     [21-04-2024 16:14:36] ::1:60866 - "OPTIONS /api/v1/collections/fa2358a1-29cc-460b-ada8-bffddbc7263d/query HTTP/1.1" 200
[36mDEBUG[0m:    [21-04-2024 16:14:36] Starting component PersistentLocalHnswSegment
[32mINFO[0m:     [21-04-2024 16:14:36] ::1:60866 - "POST /api/v1/collections/fa2358a1-29cc-460b-ada8-bffddbc7263d/query HTTP/1.1" 200
[32mINFO[0m:     [21-04-2024 16:15:00] ::1:60866 - "POST /api/v1/collections?tenant=default_tenant&database=default_database HTTP/1.1" 200
[32mINFO[0m:     [21-04-2024 16:15:01] ::1:60866 - "POST /api/v1/collections/fa2358a1-29cc-460b-ada8-bffddbc7263d/query HTTP/1.1" 200
[32mINFO[0m:     [21-04-2024 16:15:39] Shutting down
[32mINFO[0m:     [21-04-2024 16:15:39] Waiting for application shutdown.
[36mDEBUG[0m:    [21-04-2024 16:15:39] Stopping component System
[36mDEBUG[0m:    [21-04-2024 16:15:39] Stopping component SegmentAPI
[36mDEBUG[0m:    [21-04-2024 16:15:39] Stopping component PersistentLocalHnswSegment
[36mDEBUG[0m:    [21-04-2024 16:15:39] Stopping component LocalSegmentManager
[36mDEBUG[0m:    [21-04-2024 16:15:39] Stopping component Posthog
[36mDEBUG[0m:    [21-04-2024 16:15:39] Stopping component QuotaEnforcer
[36mDEBUG[0m:    [21-04-2024 16:15:39] Stopping component SqliteDB
[36mDEBUG[0m:    [21-04-2024 16:15:39] Stopping component SimpleAssignmentPolicy
[36mDEBUG[0m:    [21-04-2024 16:15:39] Stopping component OpenTelemetryClient
[32mINFO[0m:     [21-04-2024 16:15:39] Application shutdown complete.
[32mINFO[0m:     [21-04-2024 16:15:39] Finished server process [[36m18967[0m]
