This is pdfTeX, Version 3.141592653-2.6-1.40.27 (TeX Live 2025/Homebrew) (preloaded format=pdflatex 2025.3.15)  27 JUN 2025 12:32
entering extended mode
 restricted \write18 enabled.
 %&-line parsing enabled.
**booklet.tex
(./booklet.tex
LaTeX2e <2024-11-01> patch level 2
L3 programming layer <2025-01-18>

(/opt/homebrew/Cellar/texlive/20250308_1/share/texmf-dist/tex/latex/koma-script
/scrartcl.cls
Document Class: scrartcl 2024/10/24 v3.43 KOMA-Script document class (article)

(/opt/homebrew/Cellar/texlive/20250308_1/share/texmf-dist/tex/latex/koma-script
/scrkbase.sty
Package: scrkbase 2024/10/24 v3.43 KOMA-Script package (KOMA-Script-dependent b
asics and keyval usage)

(/opt/homebrew/Cellar/texlive/20250308_1/share/texmf-dist/tex/latex/koma-script
/scrbase.sty
Package: scrbase 2024/10/24 v3.43 KOMA-Script package (KOMA-Script-independent 
basics and keyval usage)

(/opt/homebrew/Cellar/texlive/20250308_1/share/texmf-dist/tex/latex/koma-script
/scrlfile.sty
Package: scrlfile 2024/10/24 v3.43 KOMA-Script package (file load hooks)

(/opt/homebrew/Cellar/texlive/20250308_1/share/texmf-dist/tex/latex/koma-script
/scrlfile-hook.sty
Package: scrlfile-hook 2024/10/24 v3.43 KOMA-Script package (using LaTeX hooks)


(/opt/homebrew/Cellar/texlive/20250308_1/share/texmf-dist/tex/latex/koma-script
/scrlogo.sty
Package: scrlogo 2024/10/24 v3.43 KOMA-Script package (logo)
)))
(/opt/homebrew/Cellar/texlive/20250308_1/share/texmf-dist/tex/latex/graphics/ke
yval.sty
Package: keyval 2022/05/29 v1.15 key=value parser (DPC)
\KV@toks@=\toks17
)
Applying: [2021/05/01] Usage of raw or classic option list on input line 254.
Already applied: [0000/00/00] Usage of raw or classic option list on input line
 370.
))
(/opt/homebrew/Cellar/texlive/20250308_1/share/texmf-dist/tex/latex/koma-script
/tocbasic.sty
Package: tocbasic 2024/10/24 v3.43 KOMA-Script package (handling toc-files)
\scr@dte@tocline@numberwidth=\skip49
\scr@dte@tocline@numbox=\box52
)
Package tocbasic Info: omitting babel extension for `toc'
(tocbasic)             because of feature `nobabel' available
(tocbasic)             for `toc' on input line 135.
Class scrartcl Info: File `scrsize11pt.clo' used instead of
(scrartcl)           file `scrsize11.clo' to setup font sizes on input line 246
6.

(/opt/homebrew/Cellar/texlive/20250308_1/share/texmf-dist/tex/latex/koma-script
/scrsize11pt.clo
File: scrsize11pt.clo 2024/10/24 v3.43 KOMA-Script font size class option (11pt
)
)
(/opt/homebrew/Cellar/texlive/20250308_1/share/texmf-dist/tex/latex/koma-script
/typearea.sty
Package: typearea 2024/10/24 v3.43 KOMA-Script package (type area)
\ta@bcor=\skip50
\ta@div=\count196
\ta@hblk=\skip51
\ta@vblk=\skip52
\ta@temp=\skip53
\footheight=\skip54
Package typearea Info: These are the values describing the layout:
(typearea)             DIV  = 10
(typearea)             BCOR = 0.0pt
(typearea)             \paperwidth      = 597.50793pt
(typearea)              \textwidth      = 418.25555pt
(typearea)              DIV departure   = -6%
(typearea)              \evensidemargin = 17.3562pt
(typearea)              \oddsidemargin  = 17.3562pt
(typearea)             \paperheight     = 845.04694pt
(typearea)              \textheight     = 595.80026pt
(typearea)              \topmargin      = -25.16531pt
(typearea)              \headheight     = 17.0pt
(typearea)              \headsep        = 20.40001pt
(typearea)              \topskip        = 11.0pt
(typearea)              \footskip       = 47.6pt
(typearea)              \baselineskip   = 13.6pt
(typearea)              on input line 1802.
)
\c@part=\count197
\c@section=\count198
\c@subsection=\count199
\c@subsubsection=\count266
\c@paragraph=\count267
\c@subparagraph=\count268
\scr@dte@section@maxnumwidth=\skip55
Class scrartcl Info: using compatibility default `runin=bysign'
(scrartcl)           for `\section on input line 5107.
Class scrartcl Info: using compatibility default `afterindent=bysign'
(scrartcl)           for `\section on input line 5107.
\scr@dte@part@maxnumwidth=\skip56
Class scrartcl Info: using compatibility default `afterindent=false'
(scrartcl)           for `\part on input line 5115.
\scr@dte@subsection@maxnumwidth=\skip57
Class scrartcl Info: using compatibility default `runin=bysign'
(scrartcl)           for `\subsection on input line 5125.
Class scrartcl Info: using compatibility default `afterindent=bysign'
(scrartcl)           for `\subsection on input line 5125.
\scr@dte@subsubsection@maxnumwidth=\skip58
Class scrartcl Info: using compatibility default `runin=bysign'
(scrartcl)           for `\subsubsection on input line 5135.
Class scrartcl Info: using compatibility default `afterindent=bysign'
(scrartcl)           for `\subsubsection on input line 5135.
\scr@dte@paragraph@maxnumwidth=\skip59
Class scrartcl Info: using compatibility default `runin=bysign'
(scrartcl)           for `\paragraph on input line 5146.
Class scrartcl Info: using compatibility default `afterindent=bysign'
(scrartcl)           for `\paragraph on input line 5146.
\scr@dte@subparagraph@maxnumwidth=\skip60
Class scrartcl Info: using compatibility default `runin=bysign'
(scrartcl)           for `\subparagraph on input line 5156.
Class scrartcl Info: using compatibility default `afterindent=bysign'
(scrartcl)           for `\subparagraph on input line 5156.
\abovecaptionskip=\skip61
\belowcaptionskip=\skip62
\c@pti@nb@sid@b@x=\box53
Package tocbasic Info: omitting babel extension for `lof'
(tocbasic)             because of feature `nobabel' available
(tocbasic)             for `lof' on input line 6337.
\scr@dte@figure@maxnumwidth=\skip63
\c@figure=\count269
Package tocbasic Info: omitting babel extension for `lot'
(tocbasic)             because of feature `nobabel' available
(tocbasic)             for `lot' on input line 6353.
\scr@dte@table@maxnumwidth=\skip64
\c@table=\count270
Class scrartcl Info: Redefining `\numberline' on input line 6523.
\bibindent=\dimen141
)
(/opt/homebrew/Cellar/texlive/20250308_1/share/texmf-dist/tex/latex/pdfpages/pd
fpages.sty
Package: pdfpages 2025/01/30 v0.6e Insert pages of external PDF documents (AM)

(/opt/homebrew/Cellar/texlive/20250308_1/share/texmf-dist/tex/latex/base/ifthen
.sty
Package: ifthen 2024/03/16 v1.1e Standard LaTeX ifthen package (DPC)
)
(/opt/homebrew/Cellar/texlive/20250308_1/share/texmf-dist/tex/latex/tools/calc.
sty
Package: calc 2023/07/08 v4.3 Infix arithmetic (KKT,FJ)
\calc@Acount=\count271
\calc@Bcount=\count272
\calc@Adimen=\dimen142
\calc@Bdimen=\dimen143
\calc@Askip=\skip65
\calc@Bskip=\skip66
LaTeX Info: Redefining \setlength on input line 80.
LaTeX Info: Redefining \addtolength on input line 81.
\calc@Ccount=\count273
\calc@Cskip=\skip67
)
(/opt/homebrew/Cellar/texlive/20250308_1/share/texmf-dist/tex/latex/eso-pic/eso
-pic.sty
Package: eso-pic 2023/05/03 v3.0c eso-pic (RN)
\ESO@tempdima=\dimen144
\ESO@tempdimb=\dimen145

(/opt/homebrew/Cellar/texlive/20250308_1/share/texmf-dist/tex/latex/xcolor/xcol
or.sty
Package: xcolor 2024/09/29 v3.02 LaTeX color extensions (UK)

(/opt/homebrew/Cellar/texlive/20250308_1/share/texmf-dist/tex/latex/graphics-cf
g/color.cfg
File: color.cfg 2016/01/02 v1.6 sample color configuration
)
Package xcolor Info: Driver file: pdftex.def on input line 274.

(/opt/homebrew/Cellar/texlive/20250308_1/share/texmf-dist/tex/latex/graphics-de
f/pdftex.def
File: pdftex.def 2024/04/13 v1.2c Graphics/color driver for pdftex
)
(/opt/homebrew/Cellar/texlive/20250308_1/share/texmf-dist/tex/latex/graphics/ma
thcolor.ltx)
Package xcolor Info: Model `cmy' substituted by `cmy0' on input line 1349.
Package xcolor Info: Model `hsb' substituted by `rgb' on input line 1353.
Package xcolor Info: Model `RGB' extended on input line 1365.
Package xcolor Info: Model `HTML' substituted by `rgb' on input line 1367.
Package xcolor Info: Model `Hsb' substituted by `hsb' on input line 1368.
Package xcolor Info: Model `tHsb' substituted by `hsb' on input line 1369.
Package xcolor Info: Model `HSB' substituted by `hsb' on input line 1370.
Package xcolor Info: Model `Gray' substituted by `gray' on input line 1371.
Package xcolor Info: Model `wave' substituted by `hsb' on input line 1372.
))
(/opt/homebrew/Cellar/texlive/20250308_1/share/texmf-dist/tex/latex/etoolbox/et
oolbox.sty
Package: etoolbox 2025/02/11 v2.5l e-TeX tools for LaTeX (JAW)
\etb@tempcnta=\count274
)
(/opt/homebrew/Cellar/texlive/20250308_1/share/texmf-dist/tex/latex/graphics/gr
aphicx.sty
Package: graphicx 2021/09/16 v1.2d Enhanced LaTeX Graphics (DPC,SPQR)

(/opt/homebrew/Cellar/texlive/20250308_1/share/texmf-dist/tex/latex/graphics/gr
aphics.sty
Package: graphics 2024/08/06 v1.4g Standard LaTeX Graphics (DPC,SPQR)

(/opt/homebrew/Cellar/texlive/20250308_1/share/texmf-dist/tex/latex/graphics/tr
ig.sty
Package: trig 2023/12/02 v1.11 sin cos tan (DPC)
)
(/opt/homebrew/Cellar/texlive/20250308_1/share/texmf-dist/tex/latex/graphics-cf
g/graphics.cfg
File: graphics.cfg 2016/06/04 v1.11 sample graphics configuration
)
Package graphics Info: Driver file: pdftex.def on input line 106.
)
\Gin@req@height=\dimen146
\Gin@req@width=\dimen147
)
\AM@pagewidth=\dimen148
\AM@pageheight=\dimen149
\AM@fboxrule=\dimen150

(/opt/homebrew/Cellar/texlive/20250308_1/share/texmf-dist/tex/latex/pdfpages/pp
pdftex.def
File: pppdftex.def 2025/01/30 v0.6e Pdfpages driver for pdfTeX (AM)
)
\pdfpages@includegraphics@status=\count275
\AM@pagebox=\box54
\AM@global@opts=\toks18
\AM@pagecnt=\count276
\AM@toc@title=\toks19
\AM@lof@heading=\toks20
\c@AM@survey=\count277
\AM@templatesizebox=\box55
)
(/opt/homebrew/Cellar/texlive/20250308_1/share/texmf-dist/tex/latex/l3backend/l
3backend-pdftex.def
File: l3backend-pdftex.def 2024-05-08 L3 backend support: PDF output (pdfTeX)
\l__color_backend_stack_int=\count278
\l__pdf_internal_box=\box56
) (./booklet.aux)
\openout1 = `booklet.aux'.

LaTeX Font Info:    Checking defaults for OML/cmm/m/it on input line 3.
LaTeX Font Info:    ... okay on input line 3.
LaTeX Font Info:    Checking defaults for OMS/cmsy/m/n on input line 3.
LaTeX Font Info:    ... okay on input line 3.
LaTeX Font Info:    Checking defaults for OT1/cmr/m/n on input line 3.
LaTeX Font Info:    ... okay on input line 3.
LaTeX Font Info:    Checking defaults for T1/cmr/m/n on input line 3.
LaTeX Font Info:    ... okay on input line 3.
LaTeX Font Info:    Checking defaults for TS1/cmr/m/n on input line 3.
LaTeX Font Info:    ... okay on input line 3.
LaTeX Font Info:    Checking defaults for OMX/cmex/m/n on input line 3.
LaTeX Font Info:    ... okay on input line 3.
LaTeX Font Info:    Checking defaults for U/cmr/m/n on input line 3.
LaTeX Font Info:    ... okay on input line 3.
Package scrbase Info: activating english \abstractname on input line 3.
Package scrbase Info: activating english \partname on input line 3.
Package scrbase Info: activating english \figurename on input line 3.
Package scrbase Info: activating english \tablename on input line 3.
Package scrbase Info: activating english \contentsname on input line 3.
Package scrbase Info: activating english \listfigurename on input line 3.
Package scrbase Info: activating english \listtablename on input line 3.
Package scrbase Info: activating english \refname on input line 3.
Package scrbase Info: activating english \indexname on input line 3.

(/opt/homebrew/Cellar/texlive/20250308_1/share/texmf-dist/tex/context/base/mkii
/supp-pdf.mkii
[Loading MPS to PDF converter (version 2006.09.02).]
\scratchcounter=\count279
\scratchdimen=\dimen151
\scratchbox=\box57
\nofMPsegments=\count280
\nofMParguments=\count281
\everyMPshowfont=\toks21
\MPscratchCnt=\count282
\MPscratchDim=\dimen152
\MPnumerator=\count283
\makeMPintoPDFobject=\count284
\everyMPtoPDFconversion=\toks22
)
(/opt/homebrew/Cellar/texlive/20250308_1/share/texmf-dist/tex/latex/epstopdf-pk
g/epstopdf-base.sty
Package: epstopdf-base 2020-01-24 v2.11 Base part for package epstopdf
Package epstopdf-base Info: Redefining graphics rule for `.eps' on input line 4
85.

(/opt/homebrew/Cellar/texlive/20250308_1/share/texmf-dist/tex/latex/latexconfig
/epstopdf-sys.cfg
File: epstopdf-sys.cfg 2010/07/13 v1.3 Configuration of (r)epstopdf for TeX Liv
e
))
(/opt/homebrew/Cellar/texlive/20250308_1/share/texmf-dist/tex/latex/pdflscape/p
dflscape.sty
Package: pdflscape 2022-10-27 v0.13 Display of landscape pages in PDF

(/opt/homebrew/Cellar/texlive/20250308_1/share/texmf-dist/tex/latex/pdflscape/p
dflscape-nometadata.sty
Package: pdflscape-nometadata 2022-10-28 v0.13 Display of landscape pages in PD
F (HO)

(/opt/homebrew/Cellar/texlive/20250308_1/share/texmf-dist/tex/generic/iftex/ift
ex.sty
Package: iftex 2024/12/12 v1.0g TeX engine tests
)
(/opt/homebrew/Cellar/texlive/20250308_1/share/texmf-dist/tex/latex/graphics/ls
cape.sty
Package: lscape 2020/05/28 v3.02 Landscape Pages (DPC)
)
Package pdflscape Info: Auto-detected driver: pdftex on input line 81.
))
<zine.pdf, id=1, 597.51233pt x 845.0471pt>
File: zine.pdf Graphic file (type pdf)
<use zine.pdf>
Package pdftex.def Info: zine.pdf  used on input line 4.
(pdftex.def)             Requested size: 597.51086pt x 845.04504pt.


Package pdfpages Warning: Option `nup' not set correctly. 
(pdfpages)                I will continue with `nup=1x2'. Please remember
(pdfpages)                to set `nup' correctly when using `booklet'.

<zine.pdf, id=3, page=1, 597.51233pt x 845.0471pt>
File: zine.pdf Graphic file (type pdf)
<use zine.pdf, page 1>
Package pdftex.def Info: zine.pdf , page1 used on input line 4.
(pdftex.def)             Requested size: 597.51086pt x 845.04504pt.
File: zine.pdf Graphic file (type pdf)
<use zine.pdf, page 1>
Package pdftex.def Info: zine.pdf , page1 used on input line 4.
(pdftex.def)             Requested size: 422.50443pt x 597.53772pt.
File: zine.pdf Graphic file (type pdf)
<use zine.pdf, page 1>
Package pdftex.def Info: zine.pdf , page1 used on input line 4.
(pdftex.def)             Requested size: 422.50443pt x 597.53772pt.
File: zine.pdf Graphic file (type pdf)
<use zine.pdf, page 1>
Package pdftex.def Info: zine.pdf , page1 used on input line 4.
(pdftex.def)             Requested size: 422.50443pt x 597.53772pt.
File: zine.pdf Graphic file (type pdf)
<use zine.pdf, page 1>
Package pdftex.def Info: zine.pdf , page1 used on input line 4.
(pdftex.def)             Requested size: 422.50443pt x 597.53772pt.
File: zine.pdf Graphic file (type pdf)
<use zine.pdf, page 1>
Package pdftex.def Info: zine.pdf , page1 used on input line 4.
(pdftex.def)             Requested size: 422.50443pt x 597.53772pt.


File: zine.pdf Graphic file (type pdf)
<use zine.pdf, page 1>
Package pdftex.def Info: zine.pdf , page1 used on input line 4.
(pdftex.def)             Requested size: 422.50443pt x 597.53772pt.
[1


 <./zine.pdf>]
<zine.pdf, id=19, page=2, 597.51233pt x 845.0471pt>
File: zine.pdf Graphic file (type pdf)
<use zine.pdf, page 2>
Package pdftex.def Info: zine.pdf , page2 used on input line 4.
(pdftex.def)             Requested size: 422.50443pt x 597.53772pt.
File: zine.pdf Graphic file (type pdf)
<use zine.pdf, page 2>
Package pdftex.def Info: zine.pdf , page2 used on input line 4.
(pdftex.def)             Requested size: 422.50443pt x 597.53772pt.
File: zine.pdf Graphic file (type pdf)
<use zine.pdf, page 1>
Package pdftex.def Info: zine.pdf , page1 used on input line 4.
(pdftex.def)             Requested size: 422.50443pt x 597.53772pt.
File: zine.pdf Graphic file (type pdf)
<use zine.pdf, page 1>
Package pdftex.def Info: zine.pdf , page1 used on input line 4.
(pdftex.def)             Requested size: 422.50443pt x 597.53772pt.


File: zine.pdf Graphic file (type pdf)
<use zine.pdf, page 2>
Package pdftex.def Info: zine.pdf , page2 used on input line 4.
(pdftex.def)             Requested size: 422.50443pt x 597.53772pt.
[2

 <./zine.pdf>]
File: zine.pdf Graphic file (type pdf)
<use zine.pdf, page 1>
Package pdftex.def Info: zine.pdf , page1 used on input line 4.
(pdftex.def)             Requested size: 422.50443pt x 597.53772pt.
File: zine.pdf Graphic file (type pdf)
<use zine.pdf, page 1>
Package pdftex.def Info: zine.pdf , page1 used on input line 4.
(pdftex.def)             Requested size: 422.50443pt x 597.53772pt.
<zine.pdf, id=37, page=3, 597.51233pt x 845.0471pt>
File: zine.pdf Graphic file (type pdf)
<use zine.pdf, page 3>
Package pdftex.def Info: zine.pdf , page3 used on input line 4.
(pdftex.def)             Requested size: 422.50443pt x 597.53772pt.
File: zine.pdf Graphic file (type pdf)
<use zine.pdf, page 3>
Package pdftex.def Info: zine.pdf , page3 used on input line 4.
(pdftex.def)             Requested size: 422.50443pt x 597.53772pt.


File: zine.pdf Graphic file (type pdf)
<use zine.pdf, page 3>
Package pdftex.def Info: zine.pdf , page3 used on input line 4.
(pdftex.def)             Requested size: 422.50443pt x 597.53772pt.
[3

 <./zine.pdf>]
<zine.pdf, id=41, page=4, 597.51233pt x 845.0471pt>
File: zine.pdf Graphic file (type pdf)
<use zine.pdf, page 4>
Package pdftex.def Info: zine.pdf , page4 used on input line 4.
(pdftex.def)             Requested size: 422.50443pt x 597.53772pt.
File: zine.pdf Graphic file (type pdf)
<use zine.pdf, page 4>
Package pdftex.def Info: zine.pdf , page4 used on input line 4.
(pdftex.def)             Requested size: 422.50443pt x 597.53772pt.
<zine.pdf, id=42, page=61, 597.51233pt x 845.0471pt>
File: zine.pdf Graphic file (type pdf)
<use zine.pdf, page 61>
Package pdftex.def Info: zine.pdf , page61 used on input line 4.
(pdftex.def)             Requested size: 422.50443pt x 597.53772pt.
File: zine.pdf Graphic file (type pdf)
<use zine.pdf, page 61>
Package pdftex.def Info: zine.pdf , page61 used on input line 4.
(pdftex.def)             Requested size: 422.50443pt x 597.53772pt.


File: zine.pdf Graphic file (type pdf)
<use zine.pdf, page 4>
Package pdftex.def Info: zine.pdf , page4 used on input line 4.
(pdftex.def)             Requested size: 422.50443pt x 597.53772pt.
File: zine.pdf Graphic file (type pdf)
<use zine.pdf, page 61>
Package pdftex.def Info: zine.pdf , page61 used on input line 4.
(pdftex.def)             Requested size: 422.50443pt x 597.53772pt.
[4

 <./zine.pdf> <./zine.pdf>]
<zine.pdf, id=47, page=60, 597.51233pt x 845.0471pt>
File: zine.pdf Graphic file (type pdf)
<use zine.pdf, page 60>
Package pdftex.def Info: zine.pdf , page60 used on input line 4.
(pdftex.def)             Requested size: 422.50443pt x 597.53772pt.
File: zine.pdf Graphic file (type pdf)
<use zine.pdf, page 60>
Package pdftex.def Info: zine.pdf , page60 used on input line 4.
(pdftex.def)             Requested size: 422.50443pt x 597.53772pt.
<zine.pdf, id=48, page=5, 597.51233pt x 845.0471pt>
File: zine.pdf Graphic file (type pdf)
<use zine.pdf, page 5>
Package pdftex.def Info: zine.pdf , page5 used on input line 4.
(pdftex.def)             Requested size: 422.50443pt x 597.53772pt.
File: zine.pdf Graphic file (type pdf)
<use zine.pdf, page 5>
Package pdftex.def Info: zine.pdf , page5 used on input line 4.
(pdftex.def)             Requested size: 422.50443pt x 597.53772pt.


File: zine.pdf Graphic file (type pdf)
<use zine.pdf, page 60>
Package pdftex.def Info: zine.pdf , page60 used on input line 4.
(pdftex.def)             Requested size: 422.50443pt x 597.53772pt.
File: zine.pdf Graphic file (type pdf)
<use zine.pdf, page 5>
Package pdftex.def Info: zine.pdf , page5 used on input line 4.
(pdftex.def)             Requested size: 422.50443pt x 597.53772pt.
[5

 <./zine.pdf> <./zine.pdf>]
<zine.pdf, id=59, page=6, 597.51233pt x 845.0471pt>
File: zine.pdf Graphic file (type pdf)
<use zine.pdf, page 6>
Package pdftex.def Info: zine.pdf , page6 used on input line 4.
(pdftex.def)             Requested size: 422.50443pt x 597.53772pt.
File: zine.pdf Graphic file (type pdf)
<use zine.pdf, page 6>
Package pdftex.def Info: zine.pdf , page6 used on input line 4.
(pdftex.def)             Requested size: 422.50443pt x 597.53772pt.
<zine.pdf, id=60, page=59, 597.51233pt x 845.0471pt>
File: zine.pdf Graphic file (type pdf)
<use zine.pdf, page 59>
Package pdftex.def Info: zine.pdf , page59 used on input line 4.
(pdftex.def)             Requested size: 422.50443pt x 597.53772pt.
File: zine.pdf Graphic file (type pdf)
<use zine.pdf, page 59>
Package pdftex.def Info: zine.pdf , page59 used on input line 4.
(pdftex.def)             Requested size: 422.50443pt x 597.53772pt.


File: zine.pdf Graphic file (type pdf)
<use zine.pdf, page 6>
Package pdftex.def Info: zine.pdf , page6 used on input line 4.
(pdftex.def)             Requested size: 422.50443pt x 597.53772pt.
File: zine.pdf Graphic file (type pdf)
<use zine.pdf, page 59>
Package pdftex.def Info: zine.pdf , page59 used on input line 4.
(pdftex.def)             Requested size: 422.50443pt x 597.53772pt.
[6

 <./zine.pdf> <./zine.pdf>]
<zine.pdf, id=64, page=58, 597.51233pt x 845.0471pt>
File: zine.pdf Graphic file (type pdf)
<use zine.pdf, page 58>
Package pdftex.def Info: zine.pdf , page58 used on input line 4.
(pdftex.def)             Requested size: 422.50443pt x 597.53772pt.
File: zine.pdf Graphic file (type pdf)
<use zine.pdf, page 58>
Package pdftex.def Info: zine.pdf , page58 used on input line 4.
(pdftex.def)             Requested size: 422.50443pt x 597.53772pt.
<zine.pdf, id=65, page=7, 597.51233pt x 845.0471pt>
File: zine.pdf Graphic file (type pdf)
<use zine.pdf, page 7>
Package pdftex.def Info: zine.pdf , page7 used on input line 4.
(pdftex.def)             Requested size: 422.50443pt x 597.53772pt.
File: zine.pdf Graphic file (type pdf)
<use zine.pdf, page 7>
Package pdftex.def Info: zine.pdf , page7 used on input line 4.
(pdftex.def)             Requested size: 422.50443pt x 597.53772pt.


File: zine.pdf Graphic file (type pdf)
<use zine.pdf, page 58>
Package pdftex.def Info: zine.pdf , page58 used on input line 4.
(pdftex.def)             Requested size: 422.50443pt x 597.53772pt.
File: zine.pdf Graphic file (type pdf)
<use zine.pdf, page 7>
Package pdftex.def Info: zine.pdf , page7 used on input line 4.
(pdftex.def)             Requested size: 422.50443pt x 597.53772pt.
[7

 <./zine.pdf> <./zine.pdf>]
<zine.pdf, id=75, page=8, 597.51233pt x 845.0471pt>
File: zine.pdf Graphic file (type pdf)
<use zine.pdf, page 8>
Package pdftex.def Info: zine.pdf , page8 used on input line 4.
(pdftex.def)             Requested size: 422.50443pt x 597.53772pt.
File: zine.pdf Graphic file (type pdf)
<use zine.pdf, page 8>
Package pdftex.def Info: zine.pdf , page8 used on input line 4.
(pdftex.def)             Requested size: 422.50443pt x 597.53772pt.
<zine.pdf, id=76, page=57, 597.51233pt x 845.0471pt>
File: zine.pdf Graphic file (type pdf)
<use zine.pdf, page 57>
Package pdftex.def Info: zine.pdf , page57 used on input line 4.
(pdftex.def)             Requested size: 422.50443pt x 597.53772pt.
File: zine.pdf Graphic file (type pdf)
<use zine.pdf, page 57>
Package pdftex.def Info: zine.pdf , page57 used on input line 4.
(pdftex.def)             Requested size: 422.50443pt x 597.53772pt.


File: zine.pdf Graphic file (type pdf)
<use zine.pdf, page 8>
Package pdftex.def Info: zine.pdf , page8 used on input line 4.
(pdftex.def)             Requested size: 422.50443pt x 597.53772pt.
File: zine.pdf Graphic file (type pdf)
<use zine.pdf, page 57>
Package pdftex.def Info: zine.pdf , page57 used on input line 4.
(pdftex.def)             Requested size: 422.50443pt x 597.53772pt.
[8

 <./zine.pdf> <./zine.pdf>]
<zine.pdf, id=88, page=56, 597.51233pt x 845.0471pt>
File: zine.pdf Graphic file (type pdf)
<use zine.pdf, page 56>
Package pdftex.def Info: zine.pdf , page56 used on input line 4.
(pdftex.def)             Requested size: 422.50443pt x 597.53772pt.
File: zine.pdf Graphic file (type pdf)
<use zine.pdf, page 56>
Package pdftex.def Info: zine.pdf , page56 used on input line 4.
(pdftex.def)             Requested size: 422.50443pt x 597.53772pt.
<zine.pdf, id=89, page=9, 597.51233pt x 845.0471pt>
File: zine.pdf Graphic file (type pdf)
<use zine.pdf, page 9>
Package pdftex.def Info: zine.pdf , page9 used on input line 4.
(pdftex.def)             Requested size: 422.50443pt x 597.53772pt.
File: zine.pdf Graphic file (type pdf)
<use zine.pdf, page 9>
Package pdftex.def Info: zine.pdf , page9 used on input line 4.
(pdftex.def)             Requested size: 422.50443pt x 597.53772pt.


File: zine.pdf Graphic file (type pdf)
<use zine.pdf, page 56>
Package pdftex.def Info: zine.pdf , page56 used on input line 4.
(pdftex.def)             Requested size: 422.50443pt x 597.53772pt.
File: zine.pdf Graphic file (type pdf)
<use zine.pdf, page 9>
Package pdftex.def Info: zine.pdf , page9 used on input line 4.
(pdftex.def)             Requested size: 422.50443pt x 597.53772pt.
[9

 <./zine.pdf> <./zine.pdf>]
<zine.pdf, id=93, page=10, 597.51233pt x 845.0471pt>
File: zine.pdf Graphic file (type pdf)
<use zine.pdf, page 10>
Package pdftex.def Info: zine.pdf , page10 used on input line 4.
(pdftex.def)             Requested size: 422.50443pt x 597.53772pt.
File: zine.pdf Graphic file (type pdf)
<use zine.pdf, page 10>
Package pdftex.def Info: zine.pdf , page10 used on input line 4.
(pdftex.def)             Requested size: 422.50443pt x 597.53772pt.
<zine.pdf, id=94, page=55, 597.51233pt x 845.0471pt>
File: zine.pdf Graphic file (type pdf)
<use zine.pdf, page 55>
Package pdftex.def Info: zine.pdf , page55 used on input line 4.
(pdftex.def)             Requested size: 422.50443pt x 597.53772pt.
File: zine.pdf Graphic file (type pdf)
<use zine.pdf, page 55>
Package pdftex.def Info: zine.pdf , page55 used on input line 4.
(pdftex.def)             Requested size: 422.50443pt x 597.53772pt.


File: zine.pdf Graphic file (type pdf)
<use zine.pdf, page 10>
Package pdftex.def Info: zine.pdf , page10 used on input line 4.
(pdftex.def)             Requested size: 422.50443pt x 597.53772pt.
File: zine.pdf Graphic file (type pdf)
<use zine.pdf, page 55>
Package pdftex.def Info: zine.pdf , page55 used on input line 4.
(pdftex.def)             Requested size: 422.50443pt x 597.53772pt.
[10

 <./zine.pdf> <./zine.pdf>]
<zine.pdf, id=98, page=54, 597.51233pt x 845.0471pt>
File: zine.pdf Graphic file (type pdf)
<use zine.pdf, page 54>
Package pdftex.def Info: zine.pdf , page54 used on input line 4.
(pdftex.def)             Requested size: 422.50443pt x 597.53772pt.
File: zine.pdf Graphic file (type pdf)
<use zine.pdf, page 54>
Package pdftex.def Info: zine.pdf , page54 used on input line 4.
(pdftex.def)             Requested size: 422.50443pt x 597.53772pt.
<zine.pdf, id=99, page=11, 597.51233pt x 845.0471pt>
File: zine.pdf Graphic file (type pdf)
<use zine.pdf, page 11>
Package pdftex.def Info: zine.pdf , page11 used on input line 4.
(pdftex.def)             Requested size: 422.50443pt x 597.53772pt.
File: zine.pdf Graphic file (type pdf)
<use zine.pdf, page 11>
Package pdftex.def Info: zine.pdf , page11 used on input line 4.
(pdftex.def)             Requested size: 422.50443pt x 597.53772pt.


File: zine.pdf Graphic file (type pdf)
<use zine.pdf, page 54>
Package pdftex.def Info: zine.pdf , page54 used on input line 4.
(pdftex.def)             Requested size: 422.50443pt x 597.53772pt.
File: zine.pdf Graphic file (type pdf)
<use zine.pdf, page 11>
Package pdftex.def Info: zine.pdf , page11 used on input line 4.
(pdftex.def)             Requested size: 422.50443pt x 597.53772pt.
[11

 <./zine.pdf> <./zine.pdf>]
<zine.pdf, id=106, page=12, 597.51233pt x 845.0471pt>
File: zine.pdf Graphic file (type pdf)
<use zine.pdf, page 12>
Package pdftex.def Info: zine.pdf , page12 used on input line 4.
(pdftex.def)             Requested size: 422.50443pt x 597.53772pt.
File: zine.pdf Graphic file (type pdf)
<use zine.pdf, page 12>
Package pdftex.def Info: zine.pdf , page12 used on input line 4.
(pdftex.def)             Requested size: 422.50443pt x 597.53772pt.
<zine.pdf, id=107, page=53, 597.51233pt x 845.0471pt>
File: zine.pdf Graphic file (type pdf)
<use zine.pdf, page 53>
Package pdftex.def Info: zine.pdf , page53 used on input line 4.
(pdftex.def)             Requested size: 422.50443pt x 597.53772pt.
File: zine.pdf Graphic file (type pdf)
<use zine.pdf, page 53>
Package pdftex.def Info: zine.pdf , page53 used on input line 4.
(pdftex.def)             Requested size: 422.50443pt x 597.53772pt.


File: zine.pdf Graphic file (type pdf)
<use zine.pdf, page 12>
Package pdftex.def Info: zine.pdf , page12 used on input line 4.
(pdftex.def)             Requested size: 422.50443pt x 597.53772pt.
File: zine.pdf Graphic file (type pdf)
<use zine.pdf, page 53>
Package pdftex.def Info: zine.pdf , page53 used on input line 4.
(pdftex.def)             Requested size: 422.50443pt x 597.53772pt.
[12

 <./zine.pdf> <./zine.pdf>]
<zine.pdf, id=123, page=52, 597.51233pt x 845.0471pt>
File: zine.pdf Graphic file (type pdf)
<use zine.pdf, page 52>
Package pdftex.def Info: zine.pdf , page52 used on input line 4.
(pdftex.def)             Requested size: 422.50443pt x 597.53772pt.
File: zine.pdf Graphic file (type pdf)
<use zine.pdf, page 52>
Package pdftex.def Info: zine.pdf , page52 used on input line 4.
(pdftex.def)             Requested size: 422.50443pt x 597.53772pt.
<zine.pdf, id=124, page=13, 597.51233pt x 845.0471pt>
File: zine.pdf Graphic file (type pdf)
<use zine.pdf, page 13>
Package pdftex.def Info: zine.pdf , page13 used on input line 4.
(pdftex.def)             Requested size: 422.50443pt x 597.53772pt.
File: zine.pdf Graphic file (type pdf)
<use zine.pdf, page 13>
Package pdftex.def Info: zine.pdf , page13 used on input line 4.
(pdftex.def)             Requested size: 422.50443pt x 597.53772pt.


File: zine.pdf Graphic file (type pdf)
<use zine.pdf, page 52>
Package pdftex.def Info: zine.pdf , page52 used on input line 4.
(pdftex.def)             Requested size: 422.50443pt x 597.53772pt.
File: zine.pdf Graphic file (type pdf)
<use zine.pdf, page 13>
Package pdftex.def Info: zine.pdf , page13 used on input line 4.
(pdftex.def)             Requested size: 422.50443pt x 597.53772pt.
[13

 <./zine.pdf> <./zine.pdf>]
<zine.pdf, id=129, page=14, 597.51233pt x 845.0471pt>
File: zine.pdf Graphic file (type pdf)
<use zine.pdf, page 14>
Package pdftex.def Info: zine.pdf , page14 used on input line 4.
(pdftex.def)             Requested size: 422.50443pt x 597.53772pt.
File: zine.pdf Graphic file (type pdf)
<use zine.pdf, page 14>
Package pdftex.def Info: zine.pdf , page14 used on input line 4.
(pdftex.def)             Requested size: 422.50443pt x 597.53772pt.
<zine.pdf, id=130, page=51, 597.51233pt x 845.0471pt>
File: zine.pdf Graphic file (type pdf)
<use zine.pdf, page 51>
Package pdftex.def Info: zine.pdf , page51 used on input line 4.
(pdftex.def)             Requested size: 422.50443pt x 597.53772pt.
File: zine.pdf Graphic file (type pdf)
<use zine.pdf, page 51>
Package pdftex.def Info: zine.pdf , page51 used on input line 4.
(pdftex.def)             Requested size: 422.50443pt x 597.53772pt.


File: zine.pdf Graphic file (type pdf)
<use zine.pdf, page 14>
Package pdftex.def Info: zine.pdf , page14 used on input line 4.
(pdftex.def)             Requested size: 422.50443pt x 597.53772pt.
File: zine.pdf Graphic file (type pdf)
<use zine.pdf, page 51>
Package pdftex.def Info: zine.pdf , page51 used on input line 4.
(pdftex.def)             Requested size: 422.50443pt x 597.53772pt.
[14

 <./zine.pdf> <./zine.pdf>]
<zine.pdf, id=135, page=50, 597.51233pt x 845.0471pt>
File: zine.pdf Graphic file (type pdf)
<use zine.pdf, page 50>
Package pdftex.def Info: zine.pdf , page50 used on input line 4.
(pdftex.def)             Requested size: 422.50443pt x 597.53772pt.
File: zine.pdf Graphic file (type pdf)
<use zine.pdf, page 50>
Package pdftex.def Info: zine.pdf , page50 used on input line 4.
(pdftex.def)             Requested size: 422.50443pt x 597.53772pt.
<zine.pdf, id=136, page=15, 597.51233pt x 845.0471pt>
File: zine.pdf Graphic file (type pdf)
<use zine.pdf, page 15>
Package pdftex.def Info: zine.pdf , page15 used on input line 4.
(pdftex.def)             Requested size: 422.50443pt x 597.53772pt.
File: zine.pdf Graphic file (type pdf)
<use zine.pdf, page 15>
Package pdftex.def Info: zine.pdf , page15 used on input line 4.
(pdftex.def)             Requested size: 422.50443pt x 597.53772pt.


File: zine.pdf Graphic file (type pdf)
<use zine.pdf, page 50>
Package pdftex.def Info: zine.pdf , page50 used on input line 4.
(pdftex.def)             Requested size: 422.50443pt x 597.53772pt.
File: zine.pdf Graphic file (type pdf)
<use zine.pdf, page 15>
Package pdftex.def Info: zine.pdf , page15 used on input line 4.
(pdftex.def)             Requested size: 422.50443pt x 597.53772pt.
[15

 <./zine.pdf> <./zine.pdf>]
<zine.pdf, id=140, page=16, 597.51233pt x 845.0471pt>
File: zine.pdf Graphic file (type pdf)
<use zine.pdf, page 16>
Package pdftex.def Info: zine.pdf , page16 used on input line 4.
(pdftex.def)             Requested size: 422.50443pt x 597.53772pt.
File: zine.pdf Graphic file (type pdf)
<use zine.pdf, page 16>
Package pdftex.def Info: zine.pdf , page16 used on input line 4.
(pdftex.def)             Requested size: 422.50443pt x 597.53772pt.
<zine.pdf, id=141, page=49, 597.51233pt x 845.0471pt>
File: zine.pdf Graphic file (type pdf)
<use zine.pdf, page 49>
Package pdftex.def Info: zine.pdf , page49 used on input line 4.
(pdftex.def)             Requested size: 422.50443pt x 597.53772pt.
File: zine.pdf Graphic file (type pdf)
<use zine.pdf, page 49>
Package pdftex.def Info: zine.pdf , page49 used on input line 4.
(pdftex.def)             Requested size: 422.50443pt x 597.53772pt.


File: zine.pdf Graphic file (type pdf)
<use zine.pdf, page 16>
Package pdftex.def Info: zine.pdf , page16 used on input line 4.
(pdftex.def)             Requested size: 422.50443pt x 597.53772pt.
File: zine.pdf Graphic file (type pdf)
<use zine.pdf, page 49>
Package pdftex.def Info: zine.pdf , page49 used on input line 4.
(pdftex.def)             Requested size: 422.50443pt x 597.53772pt.
[16

 <./zine.pdf> <./zine.pdf>]
<zine.pdf, id=146, page=48, 597.51233pt x 845.0471pt>
File: zine.pdf Graphic file (type pdf)
<use zine.pdf, page 48>
Package pdftex.def Info: zine.pdf , page48 used on input line 4.
(pdftex.def)             Requested size: 422.50443pt x 597.53772pt.
File: zine.pdf Graphic file (type pdf)
<use zine.pdf, page 48>
Package pdftex.def Info: zine.pdf , page48 used on input line 4.
(pdftex.def)             Requested size: 422.50443pt x 597.53772pt.
<zine.pdf, id=147, page=17, 597.51233pt x 845.0471pt>
File: zine.pdf Graphic file (type pdf)
<use zine.pdf, page 17>
Package pdftex.def Info: zine.pdf , page17 used on input line 4.
(pdftex.def)             Requested size: 422.50443pt x 597.53772pt.
File: zine.pdf Graphic file (type pdf)
<use zine.pdf, page 17>
Package pdftex.def Info: zine.pdf , page17 used on input line 4.
(pdftex.def)             Requested size: 422.50443pt x 597.53772pt.


File: zine.pdf Graphic file (type pdf)
<use zine.pdf, page 48>
Package pdftex.def Info: zine.pdf , page48 used on input line 4.
(pdftex.def)             Requested size: 422.50443pt x 597.53772pt.
File: zine.pdf Graphic file (type pdf)
<use zine.pdf, page 17>
Package pdftex.def Info: zine.pdf , page17 used on input line 4.
(pdftex.def)             Requested size: 422.50443pt x 597.53772pt.
[17

 <./zine.pdf> <./zine.pdf>]
<zine.pdf, id=154, page=18, 597.51233pt x 845.0471pt>
File: zine.pdf Graphic file (type pdf)
<use zine.pdf, page 18>
Package pdftex.def Info: zine.pdf , page18 used on input line 4.
(pdftex.def)             Requested size: 422.50443pt x 597.53772pt.
File: zine.pdf Graphic file (type pdf)
<use zine.pdf, page 18>
Package pdftex.def Info: zine.pdf , page18 used on input line 4.
(pdftex.def)             Requested size: 422.50443pt x 597.53772pt.
<zine.pdf, id=155, page=47, 597.51233pt x 845.0471pt>
File: zine.pdf Graphic file (type pdf)
<use zine.pdf, page 47>
Package pdftex.def Info: zine.pdf , page47 used on input line 4.
(pdftex.def)             Requested size: 422.50443pt x 597.53772pt.
File: zine.pdf Graphic file (type pdf)
<use zine.pdf, page 47>
Package pdftex.def Info: zine.pdf , page47 used on input line 4.
(pdftex.def)             Requested size: 422.50443pt x 597.53772pt.


File: zine.pdf Graphic file (type pdf)
<use zine.pdf, page 18>
Package pdftex.def Info: zine.pdf , page18 used on input line 4.
(pdftex.def)             Requested size: 422.50443pt x 597.53772pt.
File: zine.pdf Graphic file (type pdf)
<use zine.pdf, page 47>
Package pdftex.def Info: zine.pdf , page47 used on input line 4.
(pdftex.def)             Requested size: 422.50443pt x 597.53772pt.
[18

 <./zine.pdf> <./zine.pdf>]
<zine.pdf, id=159, page=46, 597.51233pt x 845.0471pt>
File: zine.pdf Graphic file (type pdf)
<use zine.pdf, page 46>
Package pdftex.def Info: zine.pdf , page46 used on input line 4.
(pdftex.def)             Requested size: 422.50443pt x 597.53772pt.
File: zine.pdf Graphic file (type pdf)
<use zine.pdf, page 46>
Package pdftex.def Info: zine.pdf , page46 used on input line 4.
(pdftex.def)             Requested size: 422.50443pt x 597.53772pt.
<zine.pdf, id=160, page=19, 597.51233pt x 845.0471pt>
File: zine.pdf Graphic file (type pdf)
<use zine.pdf, page 19>
Package pdftex.def Info: zine.pdf , page19 used on input line 4.
(pdftex.def)             Requested size: 422.50443pt x 597.53772pt.
File: zine.pdf Graphic file (type pdf)
<use zine.pdf, page 19>
Package pdftex.def Info: zine.pdf , page19 used on input line 4.
(pdftex.def)             Requested size: 422.50443pt x 597.53772pt.


File: zine.pdf Graphic file (type pdf)
<use zine.pdf, page 46>
Package pdftex.def Info: zine.pdf , page46 used on input line 4.
(pdftex.def)             Requested size: 422.50443pt x 597.53772pt.
File: zine.pdf Graphic file (type pdf)
<use zine.pdf, page 19>
Package pdftex.def Info: zine.pdf , page19 used on input line 4.
(pdftex.def)             Requested size: 422.50443pt x 597.53772pt.
[19

 <./zine.pdf> <./zine.pdf>]
<zine.pdf, id=166, page=20, 597.51233pt x 845.0471pt>
File: zine.pdf Graphic file (type pdf)
<use zine.pdf, page 20>
Package pdftex.def Info: zine.pdf , page20 used on input line 4.
(pdftex.def)             Requested size: 422.50443pt x 597.53772pt.
File: zine.pdf Graphic file (type pdf)
<use zine.pdf, page 20>
Package pdftex.def Info: zine.pdf , page20 used on input line 4.
(pdftex.def)             Requested size: 422.50443pt x 597.53772pt.
<zine.pdf, id=167, page=45, 597.51233pt x 845.0471pt>
File: zine.pdf Graphic file (type pdf)
<use zine.pdf, page 45>
Package pdftex.def Info: zine.pdf , page45 used on input line 4.
(pdftex.def)             Requested size: 422.50443pt x 597.53772pt.
File: zine.pdf Graphic file (type pdf)
<use zine.pdf, page 45>
Package pdftex.def Info: zine.pdf , page45 used on input line 4.
(pdftex.def)             Requested size: 422.50443pt x 597.53772pt.


File: zine.pdf Graphic file (type pdf)
<use zine.pdf, page 20>
Package pdftex.def Info: zine.pdf , page20 used on input line 4.
(pdftex.def)             Requested size: 422.50443pt x 597.53772pt.
File: zine.pdf Graphic file (type pdf)
<use zine.pdf, page 45>
Package pdftex.def Info: zine.pdf , page45 used on input line 4.
(pdftex.def)             Requested size: 422.50443pt x 597.53772pt.
[20

 <./zine.pdf> <./zine.pdf>]
<zine.pdf, id=172, page=44, 597.51233pt x 845.0471pt>
File: zine.pdf Graphic file (type pdf)
<use zine.pdf, page 44>
Package pdftex.def Info: zine.pdf , page44 used on input line 4.
(pdftex.def)             Requested size: 422.50443pt x 597.53772pt.
File: zine.pdf Graphic file (type pdf)
<use zine.pdf, page 44>
Package pdftex.def Info: zine.pdf , page44 used on input line 4.
(pdftex.def)             Requested size: 422.50443pt x 597.53772pt.
<zine.pdf, id=173, page=21, 597.51233pt x 845.0471pt>
File: zine.pdf Graphic file (type pdf)
<use zine.pdf, page 21>
Package pdftex.def Info: zine.pdf , page21 used on input line 4.
(pdftex.def)             Requested size: 422.50443pt x 597.53772pt.
File: zine.pdf Graphic file (type pdf)
<use zine.pdf, page 21>
Package pdftex.def Info: zine.pdf , page21 used on input line 4.
(pdftex.def)             Requested size: 422.50443pt x 597.53772pt.


File: zine.pdf Graphic file (type pdf)
<use zine.pdf, page 44>
Package pdftex.def Info: zine.pdf , page44 used on input line 4.
(pdftex.def)             Requested size: 422.50443pt x 597.53772pt.
File: zine.pdf Graphic file (type pdf)
<use zine.pdf, page 21>
Package pdftex.def Info: zine.pdf , page21 used on input line 4.
(pdftex.def)             Requested size: 422.50443pt x 597.53772pt.
[21

 <./zine.pdf> <./zine.pdf>]
<zine.pdf, id=177, page=22, 597.51233pt x 845.0471pt>
File: zine.pdf Graphic file (type pdf)
<use zine.pdf, page 22>
Package pdftex.def Info: zine.pdf , page22 used on input line 4.
(pdftex.def)             Requested size: 422.50443pt x 597.53772pt.
File: zine.pdf Graphic file (type pdf)
<use zine.pdf, page 22>
Package pdftex.def Info: zine.pdf , page22 used on input line 4.
(pdftex.def)             Requested size: 422.50443pt x 597.53772pt.
<zine.pdf, id=178, page=43, 597.51233pt x 845.0471pt>
File: zine.pdf Graphic file (type pdf)
<use zine.pdf, page 43>
Package pdftex.def Info: zine.pdf , page43 used on input line 4.
(pdftex.def)             Requested size: 422.50443pt x 597.53772pt.
File: zine.pdf Graphic file (type pdf)
<use zine.pdf, page 43>
Package pdftex.def Info: zine.pdf , page43 used on input line 4.
(pdftex.def)             Requested size: 422.50443pt x 597.53772pt.


File: zine.pdf Graphic file (type pdf)
<use zine.pdf, page 22>
Package pdftex.def Info: zine.pdf , page22 used on input line 4.
(pdftex.def)             Requested size: 422.50443pt x 597.53772pt.
File: zine.pdf Graphic file (type pdf)
<use zine.pdf, page 43>
Package pdftex.def Info: zine.pdf , page43 used on input line 4.
(pdftex.def)             Requested size: 422.50443pt x 597.53772pt.
[22

 <./zine.pdf> <./zine.pdf>]
<zine.pdf, id=183, page=42, 597.51233pt x 845.0471pt>
File: zine.pdf Graphic file (type pdf)
<use zine.pdf, page 42>
Package pdftex.def Info: zine.pdf , page42 used on input line 4.
(pdftex.def)             Requested size: 422.50443pt x 597.53772pt.
File: zine.pdf Graphic file (type pdf)
<use zine.pdf, page 42>
Package pdftex.def Info: zine.pdf , page42 used on input line 4.
(pdftex.def)             Requested size: 422.50443pt x 597.53772pt.
<zine.pdf, id=184, page=23, 597.51233pt x 845.0471pt>
File: zine.pdf Graphic file (type pdf)
<use zine.pdf, page 23>
Package pdftex.def Info: zine.pdf , page23 used on input line 4.
(pdftex.def)             Requested size: 422.50443pt x 597.53772pt.
File: zine.pdf Graphic file (type pdf)
<use zine.pdf, page 23>
Package pdftex.def Info: zine.pdf , page23 used on input line 4.
(pdftex.def)             Requested size: 422.50443pt x 597.53772pt.


File: zine.pdf Graphic file (type pdf)
<use zine.pdf, page 42>
Package pdftex.def Info: zine.pdf , page42 used on input line 4.
(pdftex.def)             Requested size: 422.50443pt x 597.53772pt.
File: zine.pdf Graphic file (type pdf)
<use zine.pdf, page 23>
Package pdftex.def Info: zine.pdf , page23 used on input line 4.
(pdftex.def)             Requested size: 422.50443pt x 597.53772pt.
[23

 <./zine.pdf> <./zine.pdf>]
<zine.pdf, id=191, page=24, 597.51233pt x 845.0471pt>
File: zine.pdf Graphic file (type pdf)
<use zine.pdf, page 24>
Package pdftex.def Info: zine.pdf , page24 used on input line 4.
(pdftex.def)             Requested size: 422.50443pt x 597.53772pt.
File: zine.pdf Graphic file (type pdf)
<use zine.pdf, page 24>
Package pdftex.def Info: zine.pdf , page24 used on input line 4.
(pdftex.def)             Requested size: 422.50443pt x 597.53772pt.
<zine.pdf, id=192, page=41, 597.51233pt x 845.0471pt>
File: zine.pdf Graphic file (type pdf)
<use zine.pdf, page 41>
Package pdftex.def Info: zine.pdf , page41 used on input line 4.
(pdftex.def)             Requested size: 422.50443pt x 597.53772pt.
File: zine.pdf Graphic file (type pdf)
<use zine.pdf, page 41>
Package pdftex.def Info: zine.pdf , page41 used on input line 4.
(pdftex.def)             Requested size: 422.50443pt x 597.53772pt.


File: zine.pdf Graphic file (type pdf)
<use zine.pdf, page 24>
Package pdftex.def Info: zine.pdf , page24 used on input line 4.
(pdftex.def)             Requested size: 422.50443pt x 597.53772pt.
File: zine.pdf Graphic file (type pdf)
<use zine.pdf, page 41>
Package pdftex.def Info: zine.pdf , page41 used on input line 4.
(pdftex.def)             Requested size: 422.50443pt x 597.53772pt.
[24

 <./zine.pdf> <./zine.pdf>]
<zine.pdf, id=196, page=40, 597.51233pt x 845.0471pt>
File: zine.pdf Graphic file (type pdf)
<use zine.pdf, page 40>
Package pdftex.def Info: zine.pdf , page40 used on input line 4.
(pdftex.def)             Requested size: 422.50443pt x 597.53772pt.
File: zine.pdf Graphic file (type pdf)
<use zine.pdf, page 40>
Package pdftex.def Info: zine.pdf , page40 used on input line 4.
(pdftex.def)             Requested size: 422.50443pt x 597.53772pt.
<zine.pdf, id=197, page=25, 597.51233pt x 845.0471pt>
File: zine.pdf Graphic file (type pdf)
<use zine.pdf, page 25>
Package pdftex.def Info: zine.pdf , page25 used on input line 4.
(pdftex.def)             Requested size: 422.50443pt x 597.53772pt.
File: zine.pdf Graphic file (type pdf)
<use zine.pdf, page 25>
Package pdftex.def Info: zine.pdf , page25 used on input line 4.
(pdftex.def)             Requested size: 422.50443pt x 597.53772pt.


File: zine.pdf Graphic file (type pdf)
<use zine.pdf, page 40>
Package pdftex.def Info: zine.pdf , page40 used on input line 4.
(pdftex.def)             Requested size: 422.50443pt x 597.53772pt.
File: zine.pdf Graphic file (type pdf)
<use zine.pdf, page 25>
Package pdftex.def Info: zine.pdf , page25 used on input line 4.
(pdftex.def)             Requested size: 422.50443pt x 597.53772pt.
[25

 <./zine.pdf> <./zine.pdf>]
<zine.pdf, id=206, page=26, 597.51233pt x 845.0471pt>
File: zine.pdf Graphic file (type pdf)
<use zine.pdf, page 26>
Package pdftex.def Info: zine.pdf , page26 used on input line 4.
(pdftex.def)             Requested size: 422.50443pt x 597.53772pt.
File: zine.pdf Graphic file (type pdf)
<use zine.pdf, page 26>
Package pdftex.def Info: zine.pdf , page26 used on input line 4.
(pdftex.def)             Requested size: 422.50443pt x 597.53772pt.
<zine.pdf, id=207, page=39, 597.51233pt x 845.0471pt>
File: zine.pdf Graphic file (type pdf)
<use zine.pdf, page 39>
Package pdftex.def Info: zine.pdf , page39 used on input line 4.
(pdftex.def)             Requested size: 422.50443pt x 597.53772pt.
File: zine.pdf Graphic file (type pdf)
<use zine.pdf, page 39>
Package pdftex.def Info: zine.pdf , page39 used on input line 4.
(pdftex.def)             Requested size: 422.50443pt x 597.53772pt.


File: zine.pdf Graphic file (type pdf)
<use zine.pdf, page 26>
Package pdftex.def Info: zine.pdf , page26 used on input line 4.
(pdftex.def)             Requested size: 422.50443pt x 597.53772pt.
File: zine.pdf Graphic file (type pdf)
<use zine.pdf, page 39>
Package pdftex.def Info: zine.pdf , page39 used on input line 4.
(pdftex.def)             Requested size: 422.50443pt x 597.53772pt.
[26

 <./zine.pdf> <./zine.pdf>]
<zine.pdf, id=215, page=38, 597.51233pt x 845.0471pt>
File: zine.pdf Graphic file (type pdf)
<use zine.pdf, page 38>
Package pdftex.def Info: zine.pdf , page38 used on input line 4.
(pdftex.def)             Requested size: 422.50443pt x 597.53772pt.
File: zine.pdf Graphic file (type pdf)
<use zine.pdf, page 38>
Package pdftex.def Info: zine.pdf , page38 used on input line 4.
(pdftex.def)             Requested size: 422.50443pt x 597.53772pt.
<zine.pdf, id=216, page=27, 597.51233pt x 845.0471pt>
File: zine.pdf Graphic file (type pdf)
<use zine.pdf, page 27>
Package pdftex.def Info: zine.pdf , page27 used on input line 4.
(pdftex.def)             Requested size: 422.50443pt x 597.53772pt.
File: zine.pdf Graphic file (type pdf)
<use zine.pdf, page 27>
Package pdftex.def Info: zine.pdf , page27 used on input line 4.
(pdftex.def)             Requested size: 422.50443pt x 597.53772pt.


File: zine.pdf Graphic file (type pdf)
<use zine.pdf, page 38>
Package pdftex.def Info: zine.pdf , page38 used on input line 4.
(pdftex.def)             Requested size: 422.50443pt x 597.53772pt.
File: zine.pdf Graphic file (type pdf)
<use zine.pdf, page 27>
Package pdftex.def Info: zine.pdf , page27 used on input line 4.
(pdftex.def)             Requested size: 422.50443pt x 597.53772pt.
[27

 <./zine.pdf> <./zine.pdf>]
<zine.pdf, id=220, page=28, 597.51233pt x 845.0471pt>
File: zine.pdf Graphic file (type pdf)
<use zine.pdf, page 28>
Package pdftex.def Info: zine.pdf , page28 used on input line 4.
(pdftex.def)             Requested size: 422.50443pt x 597.53772pt.
File: zine.pdf Graphic file (type pdf)
<use zine.pdf, page 28>
Package pdftex.def Info: zine.pdf , page28 used on input line 4.
(pdftex.def)             Requested size: 422.50443pt x 597.53772pt.
<zine.pdf, id=221, page=37, 597.51233pt x 845.0471pt>
File: zine.pdf Graphic file (type pdf)
<use zine.pdf, page 37>
Package pdftex.def Info: zine.pdf , page37 used on input line 4.
(pdftex.def)             Requested size: 422.50443pt x 597.53772pt.
File: zine.pdf Graphic file (type pdf)
<use zine.pdf, page 37>
Package pdftex.def Info: zine.pdf , page37 used on input line 4.
(pdftex.def)             Requested size: 422.50443pt x 597.53772pt.


File: zine.pdf Graphic file (type pdf)
<use zine.pdf, page 28>
Package pdftex.def Info: zine.pdf , page28 used on input line 4.
(pdftex.def)             Requested size: 422.50443pt x 597.53772pt.
File: zine.pdf Graphic file (type pdf)
<use zine.pdf, page 37>
Package pdftex.def Info: zine.pdf , page37 used on input line 4.
(pdftex.def)             Requested size: 422.50443pt x 597.53772pt.
[28

 <./zine.pdf> <./zine.pdf>]
<zine.pdf, id=225, page=36, 597.51233pt x 845.0471pt>
File: zine.pdf Graphic file (type pdf)
<use zine.pdf, page 36>
Package pdftex.def Info: zine.pdf , page36 used on input line 4.
(pdftex.def)             Requested size: 422.50443pt x 597.53772pt.
File: zine.pdf Graphic file (type pdf)
<use zine.pdf, page 36>
Package pdftex.def Info: zine.pdf , page36 used on input line 4.
(pdftex.def)             Requested size: 422.50443pt x 597.53772pt.
<zine.pdf, id=226, page=29, 597.51233pt x 845.0471pt>
File: zine.pdf Graphic file (type pdf)
<use zine.pdf, page 29>
Package pdftex.def Info: zine.pdf , page29 used on input line 4.
(pdftex.def)             Requested size: 422.50443pt x 597.53772pt.
File: zine.pdf Graphic file (type pdf)
<use zine.pdf, page 29>
Package pdftex.def Info: zine.pdf , page29 used on input line 4.
(pdftex.def)             Requested size: 422.50443pt x 597.53772pt.


File: zine.pdf Graphic file (type pdf)
<use zine.pdf, page 36>
Package pdftex.def Info: zine.pdf , page36 used on input line 4.
(pdftex.def)             Requested size: 422.50443pt x 597.53772pt.
File: zine.pdf Graphic file (type pdf)
<use zine.pdf, page 29>
Package pdftex.def Info: zine.pdf , page29 used on input line 4.
(pdftex.def)             Requested size: 422.50443pt x 597.53772pt.
[29

 <./zine.pdf> <./zine.pdf>]
<zine.pdf, id=232, page=30, 597.51233pt x 845.0471pt>
File: zine.pdf Graphic file (type pdf)
<use zine.pdf, page 30>
Package pdftex.def Info: zine.pdf , page30 used on input line 4.
(pdftex.def)             Requested size: 422.50443pt x 597.53772pt.
File: zine.pdf Graphic file (type pdf)
<use zine.pdf, page 30>
Package pdftex.def Info: zine.pdf , page30 used on input line 4.
(pdftex.def)             Requested size: 422.50443pt x 597.53772pt.
<zine.pdf, id=233, page=35, 597.51233pt x 845.0471pt>
File: zine.pdf Graphic file (type pdf)
<use zine.pdf, page 35>
Package pdftex.def Info: zine.pdf , page35 used on input line 4.
(pdftex.def)             Requested size: 422.50443pt x 597.53772pt.
File: zine.pdf Graphic file (type pdf)
<use zine.pdf, page 35>
Package pdftex.def Info: zine.pdf , page35 used on input line 4.
(pdftex.def)             Requested size: 422.50443pt x 597.53772pt.


File: zine.pdf Graphic file (type pdf)
<use zine.pdf, page 30>
Package pdftex.def Info: zine.pdf , page30 used on input line 4.
(pdftex.def)             Requested size: 422.50443pt x 597.53772pt.
File: zine.pdf Graphic file (type pdf)
<use zine.pdf, page 35>
Package pdftex.def Info: zine.pdf , page35 used on input line 4.
(pdftex.def)             Requested size: 422.50443pt x 597.53772pt.
[30

 <./zine.pdf> <./zine.pdf>]
<zine.pdf, id=240, page=34, 597.51233pt x 845.0471pt>
File: zine.pdf Graphic file (type pdf)
<use zine.pdf, page 34>
Package pdftex.def Info: zine.pdf , page34 used on input line 4.
(pdftex.def)             Requested size: 422.50443pt x 597.53772pt.
File: zine.pdf Graphic file (type pdf)
<use zine.pdf, page 34>
Package pdftex.def Info: zine.pdf , page34 used on input line 4.
(pdftex.def)             Requested size: 422.50443pt x 597.53772pt.
<zine.pdf, id=241, page=31, 597.51233pt x 845.0471pt>
File: zine.pdf Graphic file (type pdf)
<use zine.pdf, page 31>
Package pdftex.def Info: zine.pdf , page31 used on input line 4.
(pdftex.def)             Requested size: 422.50443pt x 597.53772pt.
File: zine.pdf Graphic file (type pdf)
<use zine.pdf, page 31>
Package pdftex.def Info: zine.pdf , page31 used on input line 4.
(pdftex.def)             Requested size: 422.50443pt x 597.53772pt.


File: zine.pdf Graphic file (type pdf)
<use zine.pdf, page 34>
Package pdftex.def Info: zine.pdf , page34 used on input line 4.
(pdftex.def)             Requested size: 422.50443pt x 597.53772pt.
File: zine.pdf Graphic file (type pdf)
<use zine.pdf, page 31>
Package pdftex.def Info: zine.pdf , page31 used on input line 4.
(pdftex.def)             Requested size: 422.50443pt x 597.53772pt.
[31

 <./zine.pdf> <./zine.pdf>]
<zine.pdf, id=246, page=32, 597.51233pt x 845.0471pt>
File: zine.pdf Graphic file (type pdf)
<use zine.pdf, page 32>
Package pdftex.def Info: zine.pdf , page32 used on input line 4.
(pdftex.def)             Requested size: 422.50443pt x 597.53772pt.
File: zine.pdf Graphic file (type pdf)
<use zine.pdf, page 32>
Package pdftex.def Info: zine.pdf , page32 used on input line 4.
(pdftex.def)             Requested size: 422.50443pt x 597.53772pt.
<zine.pdf, id=247, page=33, 597.51233pt x 845.0471pt>
File: zine.pdf Graphic file (type pdf)
<use zine.pdf, page 33>
Package pdftex.def Info: zine.pdf , page33 used on input line 4.
(pdftex.def)             Requested size: 422.50443pt x 597.53772pt.
File: zine.pdf Graphic file (type pdf)
<use zine.pdf, page 33>
Package pdftex.def Info: zine.pdf , page33 used on input line 4.
(pdftex.def)             Requested size: 422.50443pt x 597.53772pt.


File: zine.pdf Graphic file (type pdf)
<use zine.pdf, page 32>
Package pdftex.def Info: zine.pdf , page32 used on input line 4.
(pdftex.def)             Requested size: 422.50443pt x 597.53772pt.
File: zine.pdf Graphic file (type pdf)
<use zine.pdf, page 33>
Package pdftex.def Info: zine.pdf , page33 used on input line 4.
(pdftex.def)             Requested size: 422.50443pt x 597.53772pt.
[32

 <./zine.pdf> <./zine.pdf>] (./booklet.aux)
 ***********
LaTeX2e <2024-11-01> patch level 2
L3 programming layer <2025-01-18>
 ***********
 ) 
Here is how much of TeX's memory you used:
 6144 strings out of 473190
 126603 string characters out of 5704335
 652764 words of memory out of 5000000
 29379 multiletter control sequences out of 15000+600000
 559137 words of font info for 37 fonts, out of 8000000 for 9000
 1141 hyphenation exceptions out of 8191
 108i,17n,107p,10923b,462s stack positions out of 10000i,1000n,20000p,200000b,200000s

Output written on booklet.pdf (32 pages, 2016310 bytes).
PDF statistics:
 255 PDF objects out of 1000 (max. 8388607)
 100 compressed objects within 1 object stream
 0 named destinations out of 1000 (max. 500000)
 316 words of extra memory for PDF output out of 10000 (max. 10000000)

